[2020-01-26 01:05:27] prod.ERROR: Error reading METAR: cURL error 60: SSL certificate problem: unable to get local issuer certificate (see http://curl.haxx.se/libcurl/c/libcurl-errors.html)  
[2020-01-26 01:05:27] prod.ERROR: Error reading METAR: cURL error 60: SSL certificate problem: unable to get local issuer certificate (see http://curl.haxx.se/libcurl/c/libcurl-errors.html)  
[2020-01-26 01:05:27] prod.ERROR: Error reading METAR: cURL error 60: SSL certificate problem: unable to get local issuer certificate (see http://curl.haxx.se/libcurl/c/libcurl-errors.html)  
[2020-01-26 01:05:27] prod.ERROR: Error reading METAR: cURL error 60: SSL certificate problem: unable to get local issuer certificate (see http://curl.haxx.se/libcurl/c/libcurl-errors.html)  
[2020-01-26 01:05:27] prod.ERROR: Maximum function nesting level of '256' reached, aborting! (View: C:\wamp64\www\AFRV8\resources\views\layouts\default\dashboard\index.blade.php) {"userId":1,"exception":"[object] (Facade\\Ignition\\Exceptions\\ViewException(code: 0): Maximum function nesting level of '256' reached, aborting! (View: C:\\wamp64\\www\\AFRV8\esources\\views\\layouts\\default\\dashboard\\index.blade.php) at C:\\wamp64\\www\\AFRV8\\vendor\\laravel\\framework\\src\\Illuminate\\Container\\Container.php:771)
[stacktrace]
#0 C:\\wamp64\\www\\AFRV8\\vendor\\laravel\\framework\\src\\Illuminate\\Container\\Container.php(771): end(Array)
#1 C:\\wamp64\\www\\AFRV8\\vendor\\laravel\\framework\\src\\Illuminate\\Container\\Container.php(745): Illuminate\\Container\\Container->findInContextualBindings('config')
#2 C:\\wamp64\\www\\AFRV8\\vendor\\laravel\\framework\\src\\Illuminate\\Container\\Container.php(664): Illuminate\\Container\\Container->getContextualConcrete('config')
#3 C:\\wamp64\\www\\AFRV8\\vendor\\laravel\\framework\\src\\Illuminate\\Container\\Container.php(630): Illuminate\\Container\\Container->resolve('config', Array)
#4 C:\\wamp64\\www\\AFRV8\\vendor\\laravel\\framework\\src\\Illuminate\\Foundation\\Application.php(768): Illuminate\\Container\\Container->make('config', Array)
#5 C:\\wamp64\\www\\AFRV8\\vendor\\laravel\\framework\\src\\Illuminate\\Foundation\\helpers.php(121): Illuminate\\Foundation\\Application->make('config', Array)
#6 C:\\wamp64\\www\\AFRV8\\vendor\\laravel\\framework\\src\\Illuminate\\Foundation\\helpers.php(283): app('config')
#7 C:\\wamp64\\www\\AFRV8\\app\\Providers\\BindServiceProviders.php(35): config('vacentral.api_u...')
#8 C:\\wamp64\\www\\AFRV8\\vendor\\laravel\\framework\\src\\Illuminate\\Container\\Container.php(800): App\\Providers\\BindServiceProviders->App\\Providers\\{closure}(Object(application), Array)
#9 C:\\wamp64\\www\\AFRV8\\vendor\\laravel\\framework\\src\\Illuminate\\Container\\Container.php(682): Illuminate\\Container\\Container->build(Object(Closure))
#10 C:\\wamp64\\www\\AFRV8\\vendor\\laravel\\framework\\src\\Illuminate\\Container\\Container.php(630): Illuminate\\Container\\Container->resolve('VaCentral\\\\Contr...', Array)
#11 C:\\wamp64\\www\\AFRV8\\vendor\\laravel\\framework\\src\\Illuminate\\Foundation\\Application.php(768): Illuminate\\Container\\Container->make('VaCentral\\\\Contr...', Array)
#12 C:\\wamp64\\www\\AFRV8\\vendor\\laravel\\framework\\src\\Illuminate\\Container\\Container.php(946): Illuminate\\Foundation\\Application->make('VaCentral\\\\Contr...')
#13 C:\\wamp64\\www\\AFRV8\\vendor\\laravel\\framework\\src\\Illuminate\\Container\\Container.php(874): Illuminate\\Container\\Container->resolveClass(Object(ReflectionParameter))
#14 C:\\wamp64\\www\\AFRV8\\vendor\\laravel\\framework\\src\\Illuminate\\Container\\Container.php(835): Illuminate\\Container\\Container->resolveDependencies(Array)
#15 C:\\wamp64\\www\\AFRV8\\vendor\\laravel\\framework\\src\\Illuminate\\Container\\Container.php(682): Illuminate\\Container\\Container->build('App\\\\Services\\\\Ai...')
#16 C:\\wamp64\\www\\AFRV8\\vendor\\laravel\\framework\\src\\Illuminate\\Container\\Container.php(266): Illuminate\\Container\\Container->resolve('App\\\\Services\\\\Ai...', Array, false)
#17 C:\\wamp64\\www\\AFRV8\\vendor\\laravel\\framework\\src\\Illuminate\\Container\\Container.php(800): Illuminate\\Container\\Container->Illuminate\\Container\\{closure}(Object(application), Array)
#18 C:\\wamp64\\www\\AFRV8\\vendor\\laravel\\framework\\src\\Illuminate\\Container\\Container.php(682): Illuminate\\Container\\Container->build(Object(Closure))
#19 C:\\wamp64\\www\\AFRV8\\vendor\\laravel\\framework\\src\\Illuminate\\Container\\Container.php(630): Illuminate\\Container\\Container->resolve('App\\\\Contracts\\\\A...', Array)
#20 C:\\wamp64\\www\\AFRV8\\vendor\\laravel\\framework\\src\\Illuminate\\Foundation\\Application.php(768): Illuminate\\Container\\Container->make('App\\\\Contracts\\\\A...', Array)
#21 C:\\wamp64\\www\\AFRV8\\vendor\\laravel\\framework\\src\\Illuminate\\Container\\Container.php(946): Illuminate\\Foundation\\Application->make('App\\\\Contracts\\\\A...')
#22 C:\\wamp64\\www\\AFRV8\\vendor\\laravel\\framework\\src\\Illuminate\\Container\\Container.php(874): Illuminate\\Container\\Container->resolveClass(Object(ReflectionParameter))
#23 C:\\wamp64\\www\\AFRV8\\vendor\\laravel\\framework\\src\\Illuminate\\Container\\Container.php(835): Illuminate\\Container\\Container->resolveDependencies(Array)
#24 C:\\wamp64\\www\\AFRV8\\vendor\\laravel\\framework\\src\\Illuminate\\Container\\Container.php(682): Illuminate\\Container\\Container->build('App\\\\Services\\\\Ai...')
#25 C:\\wamp64\\www\\AFRV8\\vendor\\laravel\\framework\\src\\Illuminate\\Container\\Container.php(630): Illuminate\\Container\\Container->resolve('App\\\\Services\\\\Ai...', Array)
#26 C:\\wamp64\\www\\AFRV8\\vendor\\laravel\\framework\\src\\Illuminate\\Foundation\\Application.php(768): Illuminate\\Container\\Container->make('App\\\\Services\\\\Ai...', Array)
#27 C:\\wamp64\\www\\AFRV8\\vendor\\laravel\\framework\\src\\Illuminate\\Foundation\\helpers.php(121): Illuminate\\Foundation\\Application->make('App\\\\Services\\\\Ai...', Array)
#28 C:\\wamp64\\www\\AFRV8\\app\\Widgets\\Weather.php(22): app('App\\\\Services\\\\Ai...')
#29 [internal function]: App\\Widgets\\Weather->run()
#30 C:\\wamp64\\www\\AFRV8\\vendor\\laravel\\framework\\src\\Illuminate\\Container\\BoundMethod.php(32): call_user_func_array(Array, Array)
#31 C:\\wamp64\\www\\AFRV8\\vendor\\laravel\\framework\\src\\Illuminate\\Support\\helpers.php(520): Illuminate\\Container\\BoundMethod::Illuminate\\Container\\{closure}()
#32 C:\\wamp64\\www\\AFRV8\\vendor\\laravel\\framework\\src\\Illuminate\\Container\\BoundMethod.php(90): value(Object(Closure))
#33 C:\\wamp64\\www\\AFRV8\\vendor\\laravel\\framework\\src\\Illuminate\\Container\\BoundMethod.php(34): Illuminate\\Container\\BoundMethod::callBoundMethod(Object(application), Array, Object(Closure))
#34 C:\\wamp64\\www\\AFRV8\\vendor\\laravel\\framework\\src\\Illuminate\\Container\\Container.php(591): Illuminate\\Container\\BoundMethod::call(Object(application), Array, Array, NULL)
#35 C:\\wamp64\\www\\AFRV8\\vendor\\arrilot\\laravel-widgets\\src\\Misc\\LaravelApplicationWrapper.php(55): Illuminate\\Container\\Container->call(Array, Array)
#36 C:\\wamp64\\www\\AFRV8\\vendor\\arrilot\\laravel-widgets\\src\\Factories\\WidgetFactory.php(54): Arrilot\\Widgets\\Misc\\LaravelApplicationWrapper->call(Array, Array)
#37 C:\\wamp64\\www\\AFRV8\\vendor\\arrilot\\laravel-widgets\\src\\Factories\\WidgetFactory.php(75): Arrilot\\Widgets\\Factories\\WidgetFactory->getContent()
#38 C:\\wamp64\\www\\AFRV8\\vendor\\arrilot\\laravel-widgets\\src\\Factories\\WidgetFactory.php(17): Arrilot\\Widgets\\Factories\\WidgetFactory->getContentFromCache(Array)
#39 [internal function]: Arrilot\\Widgets\\Factories\\WidgetFactory->run('Weather', Array)
#40 C:\\wamp64\\www\\AFRV8\\vendor\\arrilot\\laravel-widgets\\src\\Factories\\AbstractWidgetFactory.php(104): call_user_func_array(Array, Array)
#41 C:\\wamp64\\www\\AFRV8\\vendor\\laravel\\framework\\src\\Illuminate\\Support\\Facades\\Facade.php(239): Arrilot\\Widgets\\Factories\\AbstractWidgetFactory->__call('Weather', Array)
#42 C:\\wamp64\\www\\AFRV8\esources\\views/layouts/default/dashboard/index.blade.php(89): Illuminate\\Support\\Facades\\Facade::__callStatic('Weather', Array)
#43 C:\\wamp64\\www\\AFRV8\\vendor\\laravel\\framework\\src\\Illuminate\\View\\Engines\\PhpEngine.php(43): include('C:\\\\wamp64\\\\www\\\\A...')
#44 C:\\wamp64\\www\\AFRV8\\vendor\\laravel\\framework\\src\\Illuminate\\View\\Engines\\CompilerEngine.php(59): Illuminate\\View\\Engines\\PhpEngine->evaluatePath('C:\\\\wamp64\\\\www\\\\A...', Array)
#45 C:\\wamp64\\www\\AFRV8\\vendor\\facade\\ignition\\src\\Views\\Engines\\CompilerEngine.php(36): Illuminate\\View\\Engines\\CompilerEngine->get('C:\\\\wamp64\\\\www\\\\A...', Array)
#46 C:\\wamp64\\www\\AFRV8\\vendor\\laravel\\framework\\src\\Illuminate\\View\\View.php(143): Facade\\Ignition\\Views\\Engines\\CompilerEngine->get('C:\\\\wamp64\\\\www\\\\A...', Array)
#47 C:\\wamp64\\www\\AFRV8\\vendor\\laravel\\framework\\src\\Illuminate\\View\\View.php(126): Illuminate\\View\\View->getContents()
#48 C:\\wamp64\\www\\AFRV8\\vendor\\laravel\\framework\\src\\Illuminate\\View\\View.php(91): Illuminate\\View\\View->renderContents()
#49 C:\\wamp64\\www\\AFRV8\\vendor\\laravel\\framework\\src\\Illuminate\\View\\View.php(438): Illuminate\\View\\View->render()
#50 C:\\wamp64\\www\\AFRV8\\vendor\\monolog\\monolog\\src\\Monolog\\Formatter\\NormalizerFormatter.php(159): Illuminate\\View\\View->__toString()
#51 C:\\wamp64\\www\\AFRV8\\vendor\\monolog\\monolog\\src\\Monolog\\Formatter\\NormalizerFormatter.php(141): Monolog\\Formatter\\NormalizerFormatter->normalize(Object(Illuminate\\View\\View), 4)
#52 C:\\wamp64\\www\\AFRV8\\vendor\\monolog\\monolog\\src\\Monolog\\Formatter\\NormalizerFormatter.php(141): Monolog\\Formatter\\NormalizerFormatter->normalize(Array, 3)
#53 C:\\wamp64\\www\\AFRV8\\vendor\\monolog\\monolog\\src\\Monolog\\Formatter\\NormalizerFormatter.php(141): Monolog\\Formatter\\NormalizerFormatter->normalize(Array, 2)
#54 C:\\wamp64\\www\\AFRV8\\vendor\\monolog\\monolog\\src\\Monolog\\Formatter\\NormalizerFormatter.php(141): Monolog\\Formatter\\NormalizerFormatter->normalize(Array, 1)
#55 C:\\wamp64\\www\\AFRV8\\vendor\\monolog\\monolog\\src\\Monolog\\Formatter\\NormalizerFormatter.php(49): Monolog\\Formatter\\NormalizerFormatter->normalize(Array)
#56 C:\\wamp64\\www\\AFRV8\\vendor\\monolog\\monolog\\src\\Monolog\\Formatter\\LineFormatter.php(70): Monolog\\Formatter\\NormalizerFormatter->format(Array)
#57 C:\\wamp64\\www\\AFRV8\\vendor\\monolog\\monolog\\src\\Monolog\\Handler\\AbstractProcessingHandler.php(40): Monolog\\Formatter\\LineFormatter->format(Array)
#58 C:\\wamp64\\www\\AFRV8\\vendor\\monolog\\monolog\\src\\Monolog\\Logger.php(323): Monolog\\Handler\\AbstractProcessingHandler->handle(Array)
#59 C:\\wamp64\\www\\AFRV8\\vendor\\monolog\\monolog\\src\\Monolog\\Logger.php(538): Monolog\\Logger->addRecord(400, 'Error getting M...', Array)
#60 C:\\wamp64\\www\\AFRV8\\vendor\\laravel\\framework\\src\\Illuminate\\Log\\Logger.php(176): Monolog\\Logger->error('Error getting M...', Array)
#61 C:\\wamp64\\www\\AFRV8\\vendor\\laravel\\framework\\src\\Illuminate\\Log\\Logger.php(87): Illuminate\\Log\\Logger->writeLog('error', 'Error getting M...', Array)
#62 C:\\wamp64\\www\\AFRV8\\vendor\\laravel\\framework\\src\\Illuminate\\Log\\LogManager.php(539): Illuminate\\Log\\Logger->error('Error getting M...', Array)
#63 C:\\wamp64\\www\\AFRV8\\vendor\\laravel\\framework\\src\\Illuminate\\Support\\Facades\\Facade.php(239): Illuminate\\Log\\LogManager->error('Error getting M...', Array)
#64 C:\\wamp64\\www\\AFRV8\\app\\Contracts\\Metar.php(45): Illuminate\\Support\\Facades\\Facade::__callStatic('error', Array)
#65 C:\\wamp64\\www\\AFRV8\\app\\Services\\AirportService.php(49): App\\Contracts\\Metar->get_metar('LFPG')
#66 C:\\wamp64\\www\\AFRV8\\app\\Widgets\\Weather.php(23): App\\Services\\AirportService->getMetar('LFPG')
#67 [internal function]: App\\Widgets\\Weather->run()
#68 C:\\wamp64\\www\\AFRV8\\vendor\\laravel\\framework\\src\\Illuminate\\Container\\BoundMethod.php(32): call_user_func_array(Array, Array)
#69 C:\\wamp64\\www\\AFRV8\\vendor\\laravel\\framework\\src\\Illuminate\\Support\\helpers.php(520): Illuminate\\Container\\BoundMethod::Illuminate\\Container\\{closure}()
#70 C:\\wamp64\\www\\AFRV8\\vendor\\laravel\\framework\\src\\Illuminate\\Container\\BoundMethod.php(90): value(Object(Closure))
#71 C:\\wamp64\\www\\AFRV8\\vendor\\laravel\\framework\\src\\Illuminate\\Container\\BoundMethod.php(34): Illuminate\\Container\\BoundMethod::callBoundMethod(Object(application), Array, Object(Closure))
#72 C:\\wamp64\\www\\AFRV8\\vendor\\laravel\\framework\\src\\Illuminate\\Container\\Container.php(591): Illuminate\\Container\\BoundMethod::call(Object(application), Array, Array, NULL)
#73 C:\\wamp64\\www\\AFRV8\\vendor\\arrilot\\laravel-widgets\\src\\Misc\\LaravelApplicationWrapper.php(55): Illuminate\\Container\\Container->call(Array, Array)
#74 C:\\wamp64\\www\\AFRV8\\vendor\\arrilot\\laravel-widgets\\src\\Factories\\WidgetFactory.php(54): Arrilot\\Widgets\\Misc\\LaravelApplicationWrapper->call(Array, Array)
#75 C:\\wamp64\\www\\AFRV8\\vendor\\arrilot\\laravel-widgets\\src\\Factories\\WidgetFactory.php(75): Arrilot\\Widgets\\Factories\\WidgetFactory->getContent()
#76 C:\\wamp64\\www\\AFRV8\\vendor\\arrilot\\laravel-widgets\\src\\Factories\\WidgetFactory.php(17): Arrilot\\Widgets\\Factories\\WidgetFactory->getContentFromCache(Array)
#77 [internal function]: Arrilot\\Widgets\\Factories\\WidgetFactory->run('Weather', Array)
#78 C:\\wamp64\\www\\AFRV8\\vendor\\arrilot\\laravel-widgets\\src\\Factories\\AbstractWidgetFactory.php(104): call_user_func_array(Array, Array)
#79 C:\\wamp64\\www\\AFRV8\\vendor\\laravel\\framework\\src\\Illuminate\\Support\\Facades\\Facade.php(239): Arrilot\\Widgets\\Factories\\AbstractWidgetFactory->__call('Weather', Array)
#80 C:\\wamp64\\www\\AFRV8\esources\\views/layouts/default/dashboard/index.blade.php(89): Illuminate\\Support\\Facades\\Facade::__callStatic('Weather', Array)
#81 C:\\wamp64\\www\\AFRV8\\vendor\\laravel\\framework\\src\\Illuminate\\View\\Engines\\PhpEngine.php(43): include('C:\\\\wamp64\\\\www\\\\A...')
#82 C:\\wamp64\\www\\AFRV8\\vendor\\laravel\\framework\\src\\Illuminate\\View\\Engines\\CompilerEngine.php(59): Illuminate\\View\\Engines\\PhpEngine->evaluatePath('C:\\\\wamp64\\\\www\\\\A...', Array)
#83 C:\\wamp64\\www\\AFRV8\\vendor\\facade\\ignition\\src\\Views\\Engines\\CompilerEngine.php(36): Illuminate\\View\\Engines\\CompilerEngine->get('C:\\\\wamp64\\\\www\\\\A...', Array)
#84 C:\\wamp64\\www\\AFRV8\\vendor\\laravel\\framework\\src\\Illuminate\\View\\View.php(143): Facade\\Ignition\\Views\\Engines\\CompilerEngine->get('C:\\\\wamp64\\\\www\\\\A...', Array)
#85 C:\\wamp64\\www\\AFRV8\\vendor\\laravel\\framework\\src\\Illuminate\\View\\View.php(126): Illuminate\\View\\View->getContents()
#86 C:\\wamp64\\www\\AFRV8\\vendor\\laravel\\framework\\src\\Illuminate\\View\\View.php(91): Illuminate\\View\\View->renderContents()
#87 C:\\wamp64\\www\\AFRV8\\vendor\\laravel\\framework\\src\\Illuminate\\View\\View.php(438): Illuminate\\View\\View->render()
#88 C:\\wamp64\\www\\AFRV8\\vendor\\monolog\\monolog\\src\\Monolog\\Formatter\\NormalizerFormatter.php(159): Illuminate\\View\\View->__toString()
#89 C:\\wamp64\\www\\AFRV8\\vendor\\monolog\\monolog\\src\\Monolog\\Formatter\\NormalizerFormatter.php(141): Monolog\\Formatter\\NormalizerFormatter->normalize(Object(Illuminate\\View\\View), 4)
#90 C:\\wamp64\\www\\AFRV8\\vendor\\monolog\\monolog\\src\\Monolog\\Formatter\\NormalizerFormatter.php(141): Monolog\\Formatter\\NormalizerFormatter->normalize(Array, 3)
#91 C:\\wamp64\\www\\AFRV8\\vendor\\monolog\\monolog\\src\\Monolog\\Formatter\\NormalizerFormatter.php(141): Monolog\\Formatter\\NormalizerFormatter->normalize(Array, 2)
#92 C:\\wamp64\\www\\AFRV8\\vendor\\monolog\\monolog\\src\\Monolog\\Formatter\\NormalizerFormatter.php(141): Monolog\\Formatter\\NormalizerFormatter->normalize(Array, 1)
#93 C:\\wamp64\\www\\AFRV8\\vendor\\monolog\\monolog\\src\\Monolog\\Formatter\\NormalizerFormatter.php(49): Monolog\\Formatter\\NormalizerFormatter->normalize(Array)
#94 C:\\wamp64\\www\\AFRV8\\vendor\\monolog\\monolog\\src\\Monolog\\Formatter\\LineFormatter.php(70): Monolog\\Formatter\\NormalizerFormatter->format(Array)
#95 C:\\wamp64\\www\\AFRV8\\vendor\\monolog\\monolog\\src\\Monolog\\Handler\\AbstractProcessingHandler.php(40): Monolog\\Formatter\\LineFormatter->format(Array)
#96 C:\\wamp64\\www\\AFRV8\\vendor\\monolog\\monolog\\src\\Monolog\\Logger.php(323): Monolog\\Handler\\AbstractProcessingHandler->handle(Array)
#97 C:\\wamp64\\www\\AFRV8\\vendor\\monolog\\monolog\\src\\Monolog\\Logger.php(538): Monolog\\Logger->addRecord(400, 'Error getting M...', Array)
#98 C:\\wamp64\\www\\AFRV8\\vendor\\laravel\\framework\\src\\Illuminate\\Log\\Logger.php(176): Monolog\\Logger->error('Error getting M...', Array)
#99 C:\\wamp64\\www\\AFRV8\\vendor\\laravel\\framework\\src\\Illuminate\\Log\\Logger.php(87): Illuminate\\Log\\Logger->writeLog('error', 'Error getting M...', Array)
#100 C:\\wamp64\\www\\AFRV8\\vendor\\laravel\\framework\\src\\Illuminate\\Log\\LogManager.php(539): Illuminate\\Log\\Logger->error('Error getting M...', Array)
#101 C:\\wamp64\\www\\AFRV8\\vendor\\laravel\\framework\\src\\Illuminate\\Support\\Facades\\Facade.php(239): Illuminate\\Log\\LogManager->error('Error getting M...', Array)
#102 C:\\wamp64\\www\\AFRV8\\app\\Contracts\\Metar.php(45): Illuminate\\Support\\Facades\\Facade::__callStatic('error', Array)
#103 C:\\wamp64\\www\\AFRV8\\app\\Services\\AirportService.php(49): App\\Contracts\\Metar->get_metar('LFPG')
#104 C:\\wamp64\\www\\AFRV8\\app\\Widgets\\Weather.php(23): App\\Services\\AirportService->getMetar('LFPG')
#105 [internal function]: App\\Widgets\\Weather->run()
#106 C:\\wamp64\\www\\AFRV8\\vendor\\laravel\\framework\\src\\Illuminate\\Container\\BoundMethod.php(32): call_user_func_array(Array, Array)
#107 C:\\wamp64\\www\\AFRV8\\vendor\\laravel\\framework\\src\\Illuminate\\Support\\helpers.php(520): Illuminate\\Container\\BoundMethod::Illuminate\\Container\\{closure}()
#108 C:\\wamp64\\www\\AFRV8\\vendor\\laravel\\framework\\src\\Illuminate\\Container\\BoundMethod.php(90): value(Object(Closure))
#109 C:\\wamp64\\www\\AFRV8\\vendor\\laravel\\framework\\src\\Illuminate\\Container\\BoundMethod.php(34): Illuminate\\Container\\BoundMethod::callBoundMethod(Object(application), Array, Object(Closure))
#110 C:\\wamp64\\www\\AFRV8\\vendor\\laravel\\framework\\src\\Illuminate\\Container\\Container.php(591): Illuminate\\Container\\BoundMethod::call(Object(application), Array, Array, NULL)
#111 C:\\wamp64\\www\\AFRV8\\vendor\\arrilot\\laravel-widgets\\src\\Misc\\LaravelApplicationWrapper.php(55): Illuminate\\Container\\Container->call(Array, Array)
#112 C:\\wamp64\\www\\AFRV8\\vendor\\arrilot\\laravel-widgets\\src\\Factories\\WidgetFactory.php(54): Arrilot\\Widgets\\Misc\\LaravelApplicationWrapper->call(Array, Array)
#113 C:\\wamp64\\www\\AFRV8\\vendor\\arrilot\\laravel-widgets\\src\\Factories\\WidgetFactory.php(75): Arrilot\\Widgets\\Factories\\WidgetFactory->getContent()
#114 C:\\wamp64\\www\\AFRV8\\vendor\\arrilot\\laravel-widgets\\src\\Factories\\WidgetFactory.php(17): Arrilot\\Widgets\\Factories\\WidgetFactory->getContentFromCache(Array)
#115 [internal function]: Arrilot\\Widgets\\Factories\\WidgetFactory->run('Weather', Array)
#116 C:\\wamp64\\www\\AFRV8\\vendor\\arrilot\\laravel-widgets\\src\\Factories\\AbstractWidgetFactory.php(104): call_user_func_array(Array, Array)
#117 C:\\wamp64\\www\\AFRV8\\vendor\\laravel\\framework\\src\\Illuminate\\Support\\Facades\\Facade.php(239): Arrilot\\Widgets\\Factories\\AbstractWidgetFactory->__call('Weather', Array)
#118 C:\\wamp64\\www\\AFRV8\esources\\views/layouts/default/dashboard/index.blade.php(89): Illuminate\\Support\\Facades\\Facade::__callStatic('Weather', Array)
#119 C:\\wamp64\\www\\AFRV8\\vendor\\laravel\\framework\\src\\Illuminate\\View\\Engines\\PhpEngine.php(43): include('C:\\\\wamp64\\\\www\\\\A...')
#120 C:\\wamp64\\www\\AFRV8\\vendor\\laravel\\framework\\src\\Illuminate\\View\\Engines\\CompilerEngine.php(59): Illuminate\\View\\Engines\\PhpEngine->evaluatePath('C:\\\\wamp64\\\\www\\\\A...', Array)
#121 C:\\wamp64\\www\\AFRV8\\vendor\\facade\\ignition\\src\\Views\\Engines\\CompilerEngine.php(36): Illuminate\\View\\Engines\\CompilerEngine->get('C:\\\\wamp64\\\\www\\\\A...', Array)
#122 C:\\wamp64\\www\\AFRV8\\vendor\\laravel\\framework\\src\\Illuminate\\View\\View.php(143): Facade\\Ignition\\Views\\Engines\\CompilerEngine->get('C:\\\\wamp64\\\\www\\\\A...', Array)
#123 C:\\wamp64\\www\\AFRV8\\vendor\\laravel\\framework\\src\\Illuminate\\View\\View.php(126): Illuminate\\View\\View->getContents()
#124 C:\\wamp64\\www\\AFRV8\\vendor\\laravel\\framework\\src\\Illuminate\\View\\View.php(91): Illuminate\\View\\View->renderContents()
#125 C:\\wamp64\\www\\AFRV8\\vendor\\laravel\\framework\\src\\Illuminate\\View\\View.php(438): Illuminate\\View\\View->render()
#126 C:\\wamp64\\www\\AFRV8\\vendor\\monolog\\monolog\\src\\Monolog\\Formatter\\NormalizerFormatter.php(159): Illuminate\\View\\View->__toString()
#127 C:\\wamp64\\www\\AFRV8\\vendor\\monolog\\monolog\\src\\Monolog\\Formatter\\NormalizerFormatter.php(141): Monolog\\Formatter\\NormalizerFormatter->normalize(Object(Illuminate\\View\\View), 4)
#128 C:\\wamp64\\www\\AFRV8\\vendor\\monolog\\monolog\\src\\Monolog\\Formatter\\NormalizerFormatter.php(141): Monolog\\Formatter\\NormalizerFormatter->normalize(Array, 3)
#129 C:\\wamp64\\www\\AFRV8\\vendor\\monolog\\monolog\\src\\Monolog\\Formatter\\NormalizerFormatter.php(141): Monolog\\Formatter\\NormalizerFormatter->normalize(Array, 2)
#130 C:\\wamp64\\www\\AFRV8\\vendor\\monolog\\monolog\\src\\Monolog\\Formatter\\NormalizerFormatter.php(141): Monolog\\Formatter\\NormalizerFormatter->normalize(Array, 1)
#131 C:\\wamp64\\www\\AFRV8\\vendor\\monolog\\monolog\\src\\Monolog\\Formatter\\NormalizerFormatter.php(49): Monolog\\Formatter\\NormalizerFormatter->normalize(Array)
#132 C:\\wamp64\\www\\AFRV8\\vendor\\monolog\\monolog\\src\\Monolog\\Formatter\\LineFormatter.php(70): Monolog\\Formatter\\NormalizerFormatter->format(Array)
#133 C:\\wamp64\\www\\AFRV8\\vendor\\monolog\\monolog\\src\\Monolog\\Handler\\AbstractProcessingHandler.php(40): Monolog\\Formatter\\LineFormatter->format(Array)
#134 C:\\wamp64\\www\\AFRV8\\vendor\\monolog\\monolog\\src\\Monolog\\Logger.php(323): Monolog\\Handler\\AbstractProcessingHandler->handle(Array)
#135 C:\\wamp64\\www\\AFRV8\\vendor\\monolog\\monolog\\src\\Monolog\\Logger.php(538): Monolog\\Logger->addRecord(400, 'Error getting M...', Array)
#136 C:\\wamp64\\www\\AFRV8\\vendor\\laravel\\framework\\src\\Illuminate\\Log\\Logger.php(176): Monolog\\Logger->error('Error getting M...', Array)
#137 C:\\wamp64\\www\\AFRV8\\vendor\\laravel\\framework\\src\\Illuminate\\Log\\Logger.php(87): Illuminate\\Log\\Logger->writeLog('error', 'Error getting M...', Array)
#138 C:\\wamp64\\www\\AFRV8\\vendor\\laravel\\framework\\src\\Illuminate\\Log\\LogManager.php(539): Illuminate\\Log\\Logger->error('Error getting M...', Array)
#139 C:\\wamp64\\www\\AFRV8\\vendor\\laravel\\framework\\src\\Illuminate\\Support\\Facades\\Facade.php(239): Illuminate\\Log\\LogManager->error('Error getting M...', Array)
#140 C:\\wamp64\\www\\AFRV8\\app\\Contracts\\Metar.php(45): Illuminate\\Support\\Facades\\Facade::__callStatic('error', Array)
#141 C:\\wamp64\\www\\AFRV8\\app\\Services\\AirportService.php(49): App\\Contracts\\Metar->get_metar('LFPG')
#142 C:\\wamp64\\www\\AFRV8\\app\\Widgets\\Weather.php(23): App\\Services\\AirportService->getMetar('LFPG')
#143 [internal function]: App\\Widgets\\Weather->run()
#144 C:\\wamp64\\www\\AFRV8\\vendor\\laravel\\framework\\src\\Illuminate\\Container\\BoundMethod.php(32): call_user_func_array(Array, Array)
#145 C:\\wamp64\\www\\AFRV8\\vendor\\laravel\\framework\\src\\Illuminate\\Support\\helpers.php(520): Illuminate\\Container\\BoundMethod::Illuminate\\Container\\{closure}()
#146 C:\\wamp64\\www\\AFRV8\\vendor\\laravel\\framework\\src\\Illuminate\\Container\\BoundMethod.php(90): value(Object(Closure))
#147 C:\\wamp64\\www\\AFRV8\\vendor\\laravel\\framework\\src\\Illuminate\\Container\\BoundMethod.php(34): Illuminate\\Container\\BoundMethod::callBoundMethod(Object(application), Array, Object(Closure))
#148 C:\\wamp64\\www\\AFRV8\\vendor\\laravel\\framework\\src\\Illuminate\\Container\\Container.php(591): Illuminate\\Container\\BoundMethod::call(Object(application), Array, Array, NULL)
#149 C:\\wamp64\\www\\AFRV8\\vendor\\arrilot\\laravel-widgets\\src\\Misc\\LaravelApplicationWrapper.php(55): Illuminate\\Container\\Container->call(Array, Array)
#150 C:\\wamp64\\www\\AFRV8\\vendor\\arrilot\\laravel-widgets\\src\\Factories\\WidgetFactory.php(54): Arrilot\\Widgets\\Misc\\LaravelApplicationWrapper->call(Array, Array)
#151 C:\\wamp64\\www\\AFRV8\\vendor\\arrilot\\laravel-widgets\\src\\Factories\\WidgetFactory.php(75): Arrilot\\Widgets\\Factories\\WidgetFactory->getContent()
#152 C:\\wamp64\\www\\AFRV8\\vendor\\arrilot\\laravel-widgets\\src\\Factories\\WidgetFactory.php(17): Arrilot\\Widgets\\Factories\\WidgetFactory->getContentFromCache(Array)
#153 [internal function]: Arrilot\\Widgets\\Factories\\WidgetFactory->run('Weather', Array)
#154 C:\\wamp64\\www\\AFRV8\\vendor\\arrilot\\laravel-widgets\\src\\Factories\\AbstractWidgetFactory.php(104): call_user_func_array(Array, Array)
#155 C:\\wamp64\\www\\AFRV8\\vendor\\laravel\\framework\\src\\Illuminate\\Support\\Facades\\Facade.php(239): Arrilot\\Widgets\\Factories\\AbstractWidgetFactory->__call('Weather', Array)
#156 C:\\wamp64\\www\\AFRV8\esources\\views/layouts/default/dashboard/index.blade.php(89): Illuminate\\Support\\Facades\\Facade::__callStatic('Weather', Array)
#157 C:\\wamp64\\www\\AFRV8\\vendor\\laravel\\framework\\src\\Illuminate\\View\\Engines\\PhpEngine.php(43): include('C:\\\\wamp64\\\\www\\\\A...')
#158 C:\\wamp64\\www\\AFRV8\\vendor\\laravel\\framework\\src\\Illuminate\\View\\Engines\\CompilerEngine.php(59): Illuminate\\View\\Engines\\PhpEngine->evaluatePath('C:\\\\wamp64\\\\www\\\\A...', Array)
#159 C:\\wamp64\\www\\AFRV8\\vendor\\facade\\ignition\\src\\Views\\Engines\\CompilerEngine.php(36): Illuminate\\View\\Engines\\CompilerEngine->get('C:\\\\wamp64\\\\www\\\\A...', Array)
#160 C:\\wamp64\\www\\AFRV8\\vendor\\laravel\\framework\\src\\Illuminate\\View\\View.php(143): Facade\\Ignition\\Views\\Engines\\CompilerEngine->get('C:\\\\wamp64\\\\www\\\\A...', Array)
#161 C:\\wamp64\\www\\AFRV8\\vendor\\laravel\\framework\\src\\Illuminate\\View\\View.php(126): Illuminate\\View\\View->getContents()
#162 C:\\wamp64\\www\\AFRV8\\vendor\\laravel\\framework\\src\\Illuminate\\View\\View.php(91): Illuminate\\View\\View->renderContents()
#163 C:\\wamp64\\www\\AFRV8\\vendor\\laravel\\framework\\src\\Illuminate\\View\\View.php(438): Illuminate\\View\\View->render()
#164 C:\\wamp64\\www\\AFRV8\\vendor\\monolog\\monolog\\src\\Monolog\\Formatter\\NormalizerFormatter.php(159): Illuminate\\View\\View->__toString()
#165 C:\\wamp64\\www\\AFRV8\\vendor\\monolog\\monolog\\src\\Monolog\\Formatter\\NormalizerFormatter.php(141): Monolog\\Formatter\\NormalizerFormatter->normalize(Object(Illuminate\\View\\View), 4)
#166 C:\\wamp64\\www\\AFRV8\\vendor\\monolog\\monolog\\src\\Monolog\\Formatter\\NormalizerFormatter.php(141): Monolog\\Formatter\\NormalizerFormatter->normalize(Array, 3)
#167 C:\\wamp64\\www\\AFRV8\\vendor\\monolog\\monolog\\src\\Monolog\\Formatter\\NormalizerFormatter.php(141): Monolog\\Formatter\\NormalizerFormatter->normalize(Array, 2)
#168 C:\\wamp64\\www\\AFRV8\\vendor\\monolog\\monolog\\src\\Monolog\\Formatter\\NormalizerFormatter.php(141): Monolog\\Formatter\\NormalizerFormatter->normalize(Array, 1)
#169 C:\\wamp64\\www\\AFRV8\\vendor\\monolog\\monolog\\src\\Monolog\\Formatter\\NormalizerFormatter.php(49): Monolog\\Formatter\\NormalizerFormatter->normalize(Array)
#170 C:\\wamp64\\www\\AFRV8\\vendor\\monolog\\monolog\\src\\Monolog\\Formatter\\LineFormatter.php(70): Monolog\\Formatter\\NormalizerFormatter->format(Array)
#171 C:\\wamp64\\www\\AFRV8\\vendor\\monolog\\monolog\\src\\Monolog\\Handler\\AbstractProcessingHandler.php(40): Monolog\\Formatter\\LineFormatter->format(Array)
#172 C:\\wamp64\\www\\AFRV8\\vendor\\monolog\\monolog\\src\\Monolog\\Logger.php(323): Monolog\\Handler\\AbstractProcessingHandler->handle(Array)
#173 C:\\wamp64\\www\\AFRV8\\vendor\\monolog\\monolog\\src\\Monolog\\Logger.php(538): Monolog\\Logger->addRecord(400, 'Error getting M...', Array)
#174 C:\\wamp64\\www\\AFRV8\\vendor\\laravel\\framework\\src\\Illuminate\\Log\\Logger.php(176): Monolog\\Logger->error('Error getting M...', Array)
#175 C:\\wamp64\\www\\AFRV8\\vendor\\laravel\\framework\\src\\Illuminate\\Log\\Logger.php(87): Illuminate\\Log\\Logger->writeLog('error', 'Error getting M...', Array)
#176 C:\\wamp64\\www\\AFRV8\\vendor\\laravel\\framework\\src\\Illuminate\\Log\\LogManager.php(539): Illuminate\\Log\\Logger->error('Error getting M...', Array)
#177 C:\\wamp64\\www\\AFRV8\\vendor\\laravel\\framework\\src\\Illuminate\\Support\\Facades\\Facade.php(239): Illuminate\\Log\\LogManager->error('Error getting M...', Array)
#178 C:\\wamp64\\www\\AFRV8\\app\\Contracts\\Metar.php(45): Illuminate\\Support\\Facades\\Facade::__callStatic('error', Array)
#179 C:\\wamp64\\www\\AFRV8\\app\\Services\\AirportService.php(49): App\\Contracts\\Metar->get_metar('LFPG')
#180 C:\\wamp64\\www\\AFRV8\\app\\Widgets\\Weather.php(23): App\\Services\\AirportService->getMetar('LFPG')
#181 [internal function]: App\\Widgets\\Weather->run()
#182 C:\\wamp64\\www\\AFRV8\\vendor\\laravel\\framework\\src\\Illuminate\\Container\\BoundMethod.php(32): call_user_func_array(Array, Array)
#183 C:\\wamp64\\www\\AFRV8\\vendor\\laravel\\framework\\src\\Illuminate\\Support\\helpers.php(520): Illuminate\\Container\\BoundMethod::Illuminate\\Container\\{closure}()
#184 C:\\wamp64\\www\\AFRV8\\vendor\\laravel\\framework\\src\\Illuminate\\Container\\BoundMethod.php(90): value(Object(Closure))
#185 C:\\wamp64\\www\\AFRV8\\vendor\\laravel\\framework\\src\\Illuminate\\Container\\BoundMethod.php(34): Illuminate\\Container\\BoundMethod::callBoundMethod(Object(application), Array, Object(Closure))
#186 C:\\wamp64\\www\\AFRV8\\vendor\\laravel\\framework\\src\\Illuminate\\Container\\Container.php(591): Illuminate\\Container\\BoundMethod::call(Object(application), Array, Array, NULL)
#187 C:\\wamp64\\www\\AFRV8\\vendor\\arrilot\\laravel-widgets\\src\\Misc\\LaravelApplicationWrapper.php(55): Illuminate\\Container\\Container->call(Array, Array)
#188 C:\\wamp64\\www\\AFRV8\\vendor\\arrilot\\laravel-widgets\\src\\Factories\\WidgetFactory.php(54): Arrilot\\Widgets\\Misc\\LaravelApplicationWrapper->call(Array, Array)
#189 C:\\wamp64\\www\\AFRV8\\vendor\\arrilot\\laravel-widgets\\src\\Factories\\WidgetFactory.php(75): Arrilot\\Widgets\\Factories\\WidgetFactory->getContent()
#190 C:\\wamp64\\www\\AFRV8\\vendor\\arrilot\\laravel-widgets\\src\\Factories\\WidgetFactory.php(17): Arrilot\\Widgets\\Factories\\WidgetFactory->getContentFromCache(Array)
#191 [internal function]: Arrilot\\Widgets\\Factories\\WidgetFactory->run('Weather', Array)
#192 C:\\wamp64\\www\\AFRV8\\vendor\\arrilot\\laravel-widgets\\src\\Factories\\AbstractWidgetFactory.php(104): call_user_func_array(Array, Array)
#193 C:\\wamp64\\www\\AFRV8\\vendor\\laravel\\framework\\src\\Illuminate\\Support\\Facades\\Facade.php(239): Arrilot\\Widgets\\Factories\\AbstractWidgetFactory->__call('Weather', Array)
#194 C:\\wamp64\\www\\AFRV8\esources\\views/layouts/default/dashboard/index.blade.php(89): Illuminate\\Support\\Facades\\Facade::__callStatic('Weather', Array)
#195 C:\\wamp64\\www\\AFRV8\\vendor\\laravel\\framework\\src\\Illuminate\\View\\Engines\\PhpEngine.php(43): include('C:\\\\wamp64\\\\www\\\\A...')
#196 C:\\wamp64\\www\\AFRV8\\vendor\\laravel\\framework\\src\\Illuminate\\View\\Engines\\CompilerEngine.php(59): Illuminate\\View\\Engines\\PhpEngine->evaluatePath('C:\\\\wamp64\\\\www\\\\A...', Array)
#197 C:\\wamp64\\www\\AFRV8\\vendor\\facade\\ignition\\src\\Views\\Engines\\CompilerEngine.php(36): Illuminate\\View\\Engines\\CompilerEngine->get('C:\\\\wamp64\\\\www\\\\A...', Array)
#198 C:\\wamp64\\www\\AFRV8\\vendor\\laravel\\framework\\src\\Illuminate\\View\\View.php(143): Facade\\Ignition\\Views\\Engines\\CompilerEngine->get('C:\\\\wamp64\\\\www\\\\A...', Array)
#199 C:\\wamp64\\www\\AFRV8\\vendor\\laravel\\framework\\src\\Illuminate\\View\\View.php(126): Illuminate\\View\\View->getContents()
#200 C:\\wamp64\\www\\AFRV8\\vendor\\laravel\\framework\\src\\Illuminate\\View\\View.php(91): Illuminate\\View\\View->renderContents()
#201 C:\\wamp64\\www\\AFRV8\\vendor\\laravel\\framework\\src\\Illuminate\\Http\\Response.php(42): Illuminate\\View\\View->render()
#202 C:\\wamp64\\www\\AFRV8\\vendor\\symfony\\http-foundation\\Response.php(202): Illuminate\\Http\\Response->setContent(Object(Illuminate\\View\\View))
#203 C:\\wamp64\\www\\AFRV8\\vendor\\laravel\\framework\\src\\Illuminate\\Routing\\Router.php(748): Symfony\\Component\\HttpFoundation\\Response->__construct(Object(Illuminate\\View\\View))
#204 C:\\wamp64\\www\\AFRV8\\vendor\\laravel\\framework\\src\\Illuminate\\Routing\\Router.php(720): Illuminate\\Routing\\Router::toResponse(Object(Illuminate\\Http\\Request), Object(Illuminate\\View\\View))
#205 C:\\wamp64\\www\\AFRV8\\vendor\\laravel\\framework\\src\\Illuminate\\Routing\\Router.php(680): Illuminate\\Routing\\Router->prepareResponse(Object(Illuminate\\Http\\Request), Object(Illuminate\\View\\View))
#206 C:\\wamp64\\www\\AFRV8\\vendor\\laravel\\framework\\src\\Illuminate\\Pipeline\\Pipeline.php(130): Illuminate\\Routing\\Router->Illuminate\\Routing\\{closure}(Object(Illuminate\\Http\\Request))
#207 C:\\wamp64\\www\\AFRV8\\app\\Http\\Middleware\\SetActiveTheme.php(20): Illuminate\\Pipeline\\Pipeline->Illuminate\\Pipeline\\{closure}(Object(Illuminate\\Http\\Request))
#208 C:\\wamp64\\www\\AFRV8\\vendor\\laravel\\framework\\src\\Illuminate\\Pipeline\\Pipeline.php(171): App\\Http\\Middleware\\SetActiveTheme->handle(Object(Illuminate\\Http\\Request), Object(Closure))
#209 C:\\wamp64\\www\\AFRV8\\vendor\\santigarcor\\laratrust\\src\\Middleware\\LaratrustRole.php(32): Illuminate\\Pipeline\\Pipeline->Illuminate\\Pipeline\\{closure}(Object(Illuminate\\Http\\Request))
#210 C:\\wamp64\\www\\AFRV8\\vendor\\laravel\\framework\\src\\Illuminate\\Pipeline\\Pipeline.php(171): Laratrust\\Middleware\\LaratrustRole->handle(Object(Illuminate\\Http\\Request), Object(Closure), 'admin|user')
#211 C:\\wamp64\\www\\AFRV8\\vendor\\laravel\\framework\\src\\Illuminate\\Routing\\Middleware\\SubstituteBindings.php(41): Illuminate\\Pipeline\\Pipeline->Illuminate\\Pipeline\\{closure}(Object(Illuminate\\Http\\Request))
#212 C:\\wamp64\\www\\AFRV8\\vendor\\laravel\\framework\\src\\Illuminate\\Pipeline\\Pipeline.php(171): Illuminate\\Routing\\Middleware\\SubstituteBindings->handle(Object(Illuminate\\Http\\Request), Object(Closure))
#213 C:\\wamp64\\www\\AFRV8\\vendor\\laravel\\framework\\src\\Illuminate\\Foundation\\Http\\Middleware\\VerifyCsrfToken.php(76): Illuminate\\Pipeline\\Pipeline->Illuminate\\Pipeline\\{closure}(Object(Illuminate\\Http\\Request))
#214 C:\\wamp64\\www\\AFRV8\\vendor\\laravel\\framework\\src\\Illuminate\\Pipeline\\Pipeline.php(171): Illuminate\\Foundation\\Http\\Middleware\\VerifyCsrfToken->handle(Object(Illuminate\\Http\\Request), Object(Closure))
#215 C:\\wamp64\\www\\AFRV8\\vendor\\laravel\\framework\\src\\Illuminate\\View\\Middleware\\ShareErrorsFromSession.php(49): Illuminate\\Pipeline\\Pipeline->Illuminate\\Pipeline\\{closure}(Object(Illuminate\\Http\\Request))
#216 C:\\wamp64\\www\\AFRV8\\vendor\\laravel\\framework\\src\\Illuminate\\Pipeline\\Pipeline.php(171): Illuminate\\View\\Middleware\\ShareErrorsFromSession->handle(Object(Illuminate\\Http\\Request), Object(Closure))
#217 C:\\wamp64\\www\\AFRV8\\vendor\\laravel\\framework\\src\\Illuminate\\Session\\Middleware\\StartSession.php(56): Illuminate\\Pipeline\\Pipeline->Illuminate\\Pipeline\\{closure}(Object(Illuminate\\Http\\Request))
#218 C:\\wamp64\\www\\AFRV8\\vendor\\laravel\\framework\\src\\Illuminate\\Pipeline\\Pipeline.php(171): Illuminate\\Session\\Middleware\\StartSession->handle(Object(Illuminate\\Http\\Request), Object(Closure))
#219 C:\\wamp64\\www\\AFRV8\\vendor\\laravel\\framework\\src\\Illuminate\\Cookie\\Middleware\\AddQueuedCookiesToResponse.php(37): Illuminate\\Pipeline\\Pipeline->Illuminate\\Pipeline\\{closure}(Object(Illuminate\\Http\\Request))
#220 C:\\wamp64\\www\\AFRV8\\vendor\\laravel\\framework\\src\\Illuminate\\Pipeline\\Pipeline.php(171): Illuminate\\Cookie\\Middleware\\AddQueuedCookiesToResponse->handle(Object(Illuminate\\Http\\Request), Object(Closure))
#221 C:\\wamp64\\www\\AFRV8\\vendor\\laravel\\framework\\src\\Illuminate\\Cookie\\Middleware\\EncryptCookies.php(66): Illuminate\\Pipeline\\Pipeline->Illuminate\\Pipeline\\{closure}(Object(Illuminate\\Http\\Request))
#222 C:\\wamp64\\www\\AFRV8\\vendor\\laravel\\framework\\src\\Illuminate\\Pipeline\\Pipeline.php(171): Illuminate\\Cookie\\Middleware\\EncryptCookies->handle(Object(Illuminate\\Http\\Request), Object(Closure))
#223 C:\\wamp64\\www\\AFRV8\\app\\Http\\Middleware\\InstalledCheck.php(28): Illuminate\\Pipeline\\Pipeline->Illuminate\\Pipeline\\{closure}(Object(Illuminate\\Http\\Request))
#224 C:\\wamp64\\www\\AFRV8\\vendor\\laravel\\framework\\src\\Illuminate\\Pipeline\\Pipeline.php(171): App\\Http\\Middleware\\InstalledCheck->handle(Object(Illuminate\\Http\\Request), Object(Closure))
#225 C:\\wamp64\\www\\AFRV8\\vendor\\laravel\\framework\\src\\Illuminate\\Pipeline\\Pipeline.php(105): Illuminate\\Pipeline\\Pipeline->Illuminate\\Pipeline\\{closure}(Object(Illuminate\\Http\\Request))
#226 C:\\wamp64\\www\\AFRV8\\vendor\\laravel\\framework\\src\\Illuminate\\Routing\\Router.php(682): Illuminate\\Pipeline\\Pipeline->then(Object(Closure))
#227 C:\\wamp64\\www\\AFRV8\\vendor\\laravel\\framework\\src\\Illuminate\\Routing\\Router.php(657): Illuminate\\Routing\\Router->runRouteWithinStack(Object(Illuminate\\Routing\\Route), Object(Illuminate\\Http\\Request))
#228 C:\\wamp64\\www\\AFRV8\\vendor\\laravel\\framework\\src\\Illuminate\\Routing\\Router.php(623): Illuminate\\Routing\\Router->runRoute(Object(Illuminate\\Http\\Request), Object(Illuminate\\Routing\\Route))
#229 C:\\wamp64\\www\\AFRV8\\vendor\\laravel\\framework\\src\\Illuminate\\Routing\\Router.php(612): Illuminate\\Routing\\Router->dispatchToRoute(Object(Illuminate\\Http\\Request))
#230 C:\\wamp64\\www\\AFRV8\\vendor\\laravel\\framework\\src\\Illuminate\\Foundation\\Http\\Kernel.php(176): Illuminate\\Routing\\Router->dispatch(Object(Illuminate\\Http\\Request))
#231 C:\\wamp64\\www\\AFRV8\\vendor\\laravel\\framework\\src\\Illuminate\\Pipeline\\Pipeline.php(130): Illuminate\\Foundation\\Http\\Kernel->Illuminate\\Foundation\\Http\\{closure}(Object(Illuminate\\Http\\Request))
#232 C:\\wamp64\\www\\AFRV8\\vendor\\laravel\\framework\\src\\Illuminate\\Foundation\\Http\\Middleware\\TransformsRequest.php(21): Illuminate\\Pipeline\\Pipeline->Illuminate\\Pipeline\\{closure}(Object(Illuminate\\Http\\Request))
#233 C:\\wamp64\\www\\AFRV8\\vendor\\laravel\\framework\\src\\Illuminate\\Pipeline\\Pipeline.php(171): Illuminate\\Foundation\\Http\\Middleware\\TransformsRequest->handle(Object(Illuminate\\Http\\Request), Object(Closure))
#234 C:\\wamp64\\www\\AFRV8\\vendor\\laravel\\framework\\src\\Illuminate\\Foundation\\Http\\Middleware\\TransformsRequest.php(21): Illuminate\\Pipeline\\Pipeline->Illuminate\\Pipeline\\{closure}(Object(Illuminate\\Http\\Request))
#235 C:\\wamp64\\www\\AFRV8\\vendor\\laravel\\framework\\src\\Illuminate\\Pipeline\\Pipeline.php(171): Illuminate\\Foundation\\Http\\Middleware\\TransformsRequest->handle(Object(Illuminate\\Http\\Request), Object(Closure))
#236 C:\\wamp64\\www\\AFRV8\\vendor\\laravel\\framework\\src\\Illuminate\\Foundation\\Http\\Middleware\\CheckForMaintenanceMode.php(62): Illuminate\\Pipeline\\Pipeline->Illuminate\\Pipeline\\{closure}(Object(Illuminate\\Http\\Request))
#237 C:\\wamp64\\www\\AFRV8\\vendor\\laravel\\framework\\src\\Illuminate\\Pipeline\\Pipeline.php(171): Illuminate\\Foundation\\Http\\Middleware\\CheckForMaintenanceMode->handle(Object(Illuminate\\Http\\Request), Object(Closure))
#238 C:\\wamp64\\www\\AFRV8\\vendor\\laravel\\framework\\src\\Illuminate\\Pipeline\\Pipeline.php(105): Illuminate\\Pipeline\\Pipeline->Illuminate\\Pipeline\\{closure}(Object(Illuminate\\Http\\Request))
#239 C:\\wamp64\\www\\AFRV8\\vendor\\laravel\\framework\\src\\Illuminate\\Foundation\\Http\\Kernel.php(151): Illuminate\\Pipeline\\Pipeline->then(Object(Closure))
#240 C:\\wamp64\\www\\AFRV8\\vendor\\laravel\\framework\\src\\Illuminate\\Foundation\\Http\\Kernel.php(116): Illuminate\\Foundation\\Http\\Kernel->sendRequestThroughRouter(Object(Illuminate\\Http\\Request))
#241 C:\\wamp64\\www\\AFRV8\\public\\index.php(22): Illuminate\\Foundation\\Http\\Kernel->handle(Object(Illuminate\\Http\\Request))
#242 {main}

[previous exception] [object] (Symfony\\Component\\Debug\\Exception\\FatalThrowableError(code: 0): Maximum function nesting level of '256' reached, aborting! at C:\\wamp64\\www\\AFRV8\\vendor\\laravel\\framework\\src\\Illuminate\\Container\\Container.php:771)
[stacktrace]
#0 C:\\wamp64\\www\\AFRV8\\vendor\\laravel\\framework\\src\\Illuminate\\Container\\Container.php(771): end(Array)
#1 C:\\wamp64\\www\\AFRV8\\vendor\\laravel\\framework\\src\\Illuminate\\Container\\Container.php(745): Illuminate\\Container\\Container->findInContextualBindings('config')
#2 C:\\wamp64\\www\\AFRV8\\vendor\\laravel\\framework\\src\\Illuminate\\Container\\Container.php(664): Illuminate\\Container\\Container->getContextualConcrete('config')
#3 C:\\wamp64\\www\\AFRV8\\vendor\\laravel\\framework\\src\\Illuminate\\Container\\Container.php(630): Illuminate\\Container\\Container->resolve('config', Array)
#4 C:\\wamp64\\www\\AFRV8\\vendor\\laravel\\framework\\src\\Illuminate\\Foundation\\Application.php(768): Illuminate\\Container\\Container->make('config', Array)
#5 C:\\wamp64\\www\\AFRV8\\vendor\\laravel\\framework\\src\\Illuminate\\Foundation\\helpers.php(121): Illuminate\\Foundation\\Application->make('config', Array)
#6 C:\\wamp64\\www\\AFRV8\\vendor\\laravel\\framework\\src\\Illuminate\\Foundation\\helpers.php(283): app('config')
#7 C:\\wamp64\\www\\AFRV8\\app\\Providers\\BindServiceProviders.php(35): config('vacentral.api_u...')
#8 C:\\wamp64\\www\\AFRV8\\vendor\\laravel\\framework\\src\\Illuminate\\Container\\Container.php(800): App\\Providers\\BindServiceProviders->App\\Providers\\{closure}(Object(application), Array)
#9 C:\\wamp64\\www\\AFRV8\\vendor\\laravel\\framework\\src\\Illuminate\\Container\\Container.php(682): Illuminate\\Container\\Container->build(Object(Closure))
#10 C:\\wamp64\\www\\AFRV8\\vendor\\laravel\\framework\\src\\Illuminate\\Container\\Container.php(630): Illuminate\\Container\\Container->resolve('VaCentral\\\\Contr...', Array)
#11 C:\\wamp64\\www\\AFRV8\\vendor\\laravel\\framework\\src\\Illuminate\\Foundation\\Application.php(768): Illuminate\\Container\\Container->make('VaCentral\\\\Contr...', Array)
#12 C:\\wamp64\\www\\AFRV8\\vendor\\laravel\\framework\\src\\Illuminate\\Container\\Container.php(946): Illuminate\\Foundation\\Application->make('VaCentral\\\\Contr...')
#13 C:\\wamp64\\www\\AFRV8\\vendor\\laravel\\framework\\src\\Illuminate\\Container\\Container.php(874): Illuminate\\Container\\Container->resolveClass(Object(ReflectionParameter))
#14 C:\\wamp64\\www\\AFRV8\\vendor\\laravel\\framework\\src\\Illuminate\\Container\\Container.php(835): Illuminate\\Container\\Container->resolveDependencies(Array)
#15 C:\\wamp64\\www\\AFRV8\\vendor\\laravel\\framework\\src\\Illuminate\\Container\\Container.php(682): Illuminate\\Container\\Container->build('App\\\\Services\\\\Ai...')
#16 C:\\wamp64\\www\\AFRV8\\vendor\\laravel\\framework\\src\\Illuminate\\Container\\Container.php(266): Illuminate\\Container\\Container->resolve('App\\\\Services\\\\Ai...', Array, false)
#17 C:\\wamp64\\www\\AFRV8\\vendor\\laravel\\framework\\src\\Illuminate\\Container\\Container.php(800): Illuminate\\Container\\Container->Illuminate\\Container\\{closure}(Object(application), Array)
#18 C:\\wamp64\\www\\AFRV8\\vendor\\laravel\\framework\\src\\Illuminate\\Container\\Container.php(682): Illuminate\\Container\\Container->build(Object(Closure))
#19 C:\\wamp64\\www\\AFRV8\\vendor\\laravel\\framework\\src\\Illuminate\\Container\\Container.php(630): Illuminate\\Container\\Container->resolve('App\\\\Contracts\\\\A...', Array)
#20 C:\\wamp64\\www\\AFRV8\\vendor\\laravel\\framework\\src\\Illuminate\\Foundation\\Application.php(768): Illuminate\\Container\\Container->make('App\\\\Contracts\\\\A...', Array)
#21 C:\\wamp64\\www\\AFRV8\\vendor\\laravel\\framework\\src\\Illuminate\\Container\\Container.php(946): Illuminate\\Foundation\\Application->make('App\\\\Contracts\\\\A...')
#22 C:\\wamp64\\www\\AFRV8\\vendor\\laravel\\framework\\src\\Illuminate\\Container\\Container.php(874): Illuminate\\Container\\Container->resolveClass(Object(ReflectionParameter))
#23 C:\\wamp64\\www\\AFRV8\\vendor\\laravel\\framework\\src\\Illuminate\\Container\\Container.php(835): Illuminate\\Container\\Container->resolveDependencies(Array)
#24 C:\\wamp64\\www\\AFRV8\\vendor\\laravel\\framework\\src\\Illuminate\\Container\\Container.php(682): Illuminate\\Container\\Container->build('App\\\\Services\\\\Ai...')
#25 C:\\wamp64\\www\\AFRV8\\vendor\\laravel\\framework\\src\\Illuminate\\Container\\Container.php(630): Illuminate\\Container\\Container->resolve('App\\\\Services\\\\Ai...', Array)
#26 C:\\wamp64\\www\\AFRV8\\vendor\\laravel\\framework\\src\\Illuminate\\Foundation\\Application.php(768): Illuminate\\Container\\Container->make('App\\\\Services\\\\Ai...', Array)
#27 C:\\wamp64\\www\\AFRV8\\vendor\\laravel\\framework\\src\\Illuminate\\Foundation\\helpers.php(121): Illuminate\\Foundation\\Application->make('App\\\\Services\\\\Ai...', Array)
#28 C:\\wamp64\\www\\AFRV8\\app\\Widgets\\Weather.php(22): app('App\\\\Services\\\\Ai...')
#29 [internal function]: App\\Widgets\\Weather->run()
#30 C:\\wamp64\\www\\AFRV8\\vendor\\laravel\\framework\\src\\Illuminate\\Container\\BoundMethod.php(32): call_user_func_array(Array, Array)
#31 C:\\wamp64\\www\\AFRV8\\vendor\\laravel\\framework\\src\\Illuminate\\Support\\helpers.php(520): Illuminate\\Container\\BoundMethod::Illuminate\\Container\\{closure}()
#32 C:\\wamp64\\www\\AFRV8\\vendor\\laravel\\framework\\src\\Illuminate\\Container\\BoundMethod.php(90): value(Object(Closure))
#33 C:\\wamp64\\www\\AFRV8\\vendor\\laravel\\framework\\src\\Illuminate\\Container\\BoundMethod.php(34): Illuminate\\Container\\BoundMethod::callBoundMethod(Object(application), Array, Object(Closure))
#34 C:\\wamp64\\www\\AFRV8\\vendor\\laravel\\framework\\src\\Illuminate\\Container\\Container.php(591): Illuminate\\Container\\BoundMethod::call(Object(application), Array, Array, NULL)
#35 C:\\wamp64\\www\\AFRV8\\vendor\\arrilot\\laravel-widgets\\src\\Misc\\LaravelApplicationWrapper.php(55): Illuminate\\Container\\Container->call(Array, Array)
#36 C:\\wamp64\\www\\AFRV8\\vendor\\arrilot\\laravel-widgets\\src\\Factories\\WidgetFactory.php(54): Arrilot\\Widgets\\Misc\\LaravelApplicationWrapper->call(Array, Array)
#37 C:\\wamp64\\www\\AFRV8\\vendor\\arrilot\\laravel-widgets\\src\\Factories\\WidgetFactory.php(75): Arrilot\\Widgets\\Factories\\WidgetFactory->getContent()
#38 C:\\wamp64\\www\\AFRV8\\vendor\\arrilot\\laravel-widgets\\src\\Factories\\WidgetFactory.php(17): Arrilot\\Widgets\\Factories\\WidgetFactory->getContentFromCache(Array)
#39 [internal function]: Arrilot\\Widgets\\Factories\\WidgetFactory->run('Weather', Array)
#40 C:\\wamp64\\www\\AFRV8\\vendor\\arrilot\\laravel-widgets\\src\\Factories\\AbstractWidgetFactory.php(104): call_user_func_array(Array, Array)
#41 C:\\wamp64\\www\\AFRV8\\vendor\\laravel\\framework\\src\\Illuminate\\Support\\Facades\\Facade.php(239): Arrilot\\Widgets\\Factories\\AbstractWidgetFactory->__call('Weather', Array)
#42 C:\\wamp64\\www\\AFRV8\\storage\\framework\\views\\3fa90b603cab7d623df3e1e2291705f010dfa83d.php(89): Illuminate\\Support\\Facades\\Facade::__callStatic('Weather', Array)
#43 C:\\wamp64\\www\\AFRV8\\vendor\\laravel\\framework\\src\\Illuminate\\View\\Engines\\PhpEngine.php(43): include('C:\\\\wamp64\\\\www\\\\A...')
#44 C:\\wamp64\\www\\AFRV8\\vendor\\laravel\\framework\\src\\Illuminate\\View\\Engines\\CompilerEngine.php(59): Illuminate\\View\\Engines\\PhpEngine->evaluatePath('C:\\\\wamp64\\\\www\\\\A...', Array)
#45 C:\\wamp64\\www\\AFRV8\\vendor\\facade\\ignition\\src\\Views\\Engines\\CompilerEngine.php(36): Illuminate\\View\\Engines\\CompilerEngine->get('C:\\\\wamp64\\\\www\\\\A...', Array)
#46 C:\\wamp64\\www\\AFRV8\\vendor\\laravel\\framework\\src\\Illuminate\\View\\View.php(143): Facade\\Ignition\\Views\\Engines\\CompilerEngine->get('C:\\\\wamp64\\\\www\\\\A...', Array)
#47 C:\\wamp64\\www\\AFRV8\\vendor\\laravel\\framework\\src\\Illuminate\\View\\View.php(126): Illuminate\\View\\View->getContents()
#48 C:\\wamp64\\www\\AFRV8\\vendor\\laravel\\framework\\src\\Illuminate\\View\\View.php(91): Illuminate\\View\\View->renderContents()
#49 C:\\wamp64\\www\\AFRV8\\vendor\\laravel\\framework\\src\\Illuminate\\View\\View.php(438): Illuminate\\View\\View->render()
#50 C:\\wamp64\\www\\AFRV8\\vendor\\monolog\\monolog\\src\\Monolog\\Formatter\\NormalizerFormatter.php(159): Illuminate\\View\\View->__toString()
#51 C:\\wamp64\\www\\AFRV8\\vendor\\monolog\\monolog\\src\\Monolog\\Formatter\\NormalizerFormatter.php(141): Monolog\\Formatter\\NormalizerFormatter->normalize(Object(Illuminate\\View\\View), 4)
#52 C:\\wamp64\\www\\AFRV8\\vendor\\monolog\\monolog\\src\\Monolog\\Formatter\\NormalizerFormatter.php(141): Monolog\\Formatter\\NormalizerFormatter->normalize(Array, 3)
#53 C:\\wamp64\\www\\AFRV8\\vendor\\monolog\\monolog\\src\\Monolog\\Formatter\\NormalizerFormatter.php(141): Monolog\\Formatter\\NormalizerFormatter->normalize(Array, 2)
#54 C:\\wamp64\\www\\AFRV8\\vendor\\monolog\\monolog\\src\\Monolog\\Formatter\\NormalizerFormatter.php(141): Monolog\\Formatter\\NormalizerFormatter->normalize(Array, 1)
#55 C:\\wamp64\\www\\AFRV8\\vendor\\monolog\\monolog\\src\\Monolog\\Formatter\\NormalizerFormatter.php(49): Monolog\\Formatter\\NormalizerFormatter->normalize(Array)
#56 C:\\wamp64\\www\\AFRV8\\vendor\\monolog\\monolog\\src\\Monolog\\Formatter\\LineFormatter.php(70): Monolog\\Formatter\\NormalizerFormatter->format(Array)
#57 C:\\wamp64\\www\\AFRV8\\vendor\\monolog\\monolog\\src\\Monolog\\Handler\\AbstractProcessingHandler.php(40): Monolog\\Formatter\\LineFormatter->format(Array)
#58 C:\\wamp64\\www\\AFRV8\\vendor\\monolog\\monolog\\src\\Monolog\\Logger.php(323): Monolog\\Handler\\AbstractProcessingHandler->handle(Array)
#59 C:\\wamp64\\www\\AFRV8\\vendor\\monolog\\monolog\\src\\Monolog\\Logger.php(538): Monolog\\Logger->addRecord(400, 'Error getting M...', Array)
#60 C:\\wamp64\\www\\AFRV8\\vendor\\laravel\\framework\\src\\Illuminate\\Log\\Logger.php(176): Monolog\\Logger->error('Error getting M...', Array)
#61 C:\\wamp64\\www\\AFRV8\\vendor\\laravel\\framework\\src\\Illuminate\\Log\\Logger.php(87): Illuminate\\Log\\Logger->writeLog('error', 'Error getting M...', Array)
#62 C:\\wamp64\\www\\AFRV8\\vendor\\laravel\\framework\\src\\Illuminate\\Log\\LogManager.php(539): Illuminate\\Log\\Logger->error('Error getting M...', Array)
#63 C:\\wamp64\\www\\AFRV8\\vendor\\laravel\\framework\\src\\Illuminate\\Support\\Facades\\Facade.php(239): Illuminate\\Log\\LogManager->error('Error getting M...', Array)
#64 C:\\wamp64\\www\\AFRV8\\app\\Contracts\\Metar.php(45): Illuminate\\Support\\Facades\\Facade::__callStatic('error', Array)
#65 C:\\wamp64\\www\\AFRV8\\app\\Services\\AirportService.php(49): App\\Contracts\\Metar->get_metar('LFPG')
#66 C:\\wamp64\\www\\AFRV8\\app\\Widgets\\Weather.php(23): App\\Services\\AirportService->getMetar('LFPG')
#67 [internal function]: App\\Widgets\\Weather->run()
#68 C:\\wamp64\\www\\AFRV8\\vendor\\laravel\\framework\\src\\Illuminate\\Container\\BoundMethod.php(32): call_user_func_array(Array, Array)
#69 C:\\wamp64\\www\\AFRV8\\vendor\\laravel\\framework\\src\\Illuminate\\Support\\helpers.php(520): Illuminate\\Container\\BoundMethod::Illuminate\\Container\\{closure}()
#70 C:\\wamp64\\www\\AFRV8\\vendor\\laravel\\framework\\src\\Illuminate\\Container\\BoundMethod.php(90): value(Object(Closure))
#71 C:\\wamp64\\www\\AFRV8\\vendor\\laravel\\framework\\src\\Illuminate\\Container\\BoundMethod.php(34): Illuminate\\Container\\BoundMethod::callBoundMethod(Object(application), Array, Object(Closure))
#72 C:\\wamp64\\www\\AFRV8\\vendor\\laravel\\framework\\src\\Illuminate\\Container\\Container.php(591): Illuminate\\Container\\BoundMethod::call(Object(application), Array, Array, NULL)
#73 C:\\wamp64\\www\\AFRV8\\vendor\\arrilot\\laravel-widgets\\src\\Misc\\LaravelApplicationWrapper.php(55): Illuminate\\Container\\Container->call(Array, Array)
#74 C:\\wamp64\\www\\AFRV8\\vendor\\arrilot\\laravel-widgets\\src\\Factories\\WidgetFactory.php(54): Arrilot\\Widgets\\Misc\\LaravelApplicationWrapper->call(Array, Array)
#75 C:\\wamp64\\www\\AFRV8\\vendor\\arrilot\\laravel-widgets\\src\\Factories\\WidgetFactory.php(75): Arrilot\\Widgets\\Factories\\WidgetFactory->getContent()
#76 C:\\wamp64\\www\\AFRV8\\vendor\\arrilot\\laravel-widgets\\src\\Factories\\WidgetFactory.php(17): Arrilot\\Widgets\\Factories\\WidgetFactory->getContentFromCache(Array)
#77 [internal function]: Arrilot\\Widgets\\Factories\\WidgetFactory->run('Weather', Array)
#78 C:\\wamp64\\www\\AFRV8\\vendor\\arrilot\\laravel-widgets\\src\\Factories\\AbstractWidgetFactory.php(104): call_user_func_array(Array, Array)
#79 C:\\wamp64\\www\\AFRV8\\vendor\\laravel\\framework\\src\\Illuminate\\Support\\Facades\\Facade.php(239): Arrilot\\Widgets\\Factories\\AbstractWidgetFactory->__call('Weather', Array)
#80 C:\\wamp64\\www\\AFRV8\\storage\\framework\\views\\3fa90b603cab7d623df3e1e2291705f010dfa83d.php(89): Illuminate\\Support\\Facades\\Facade::__callStatic('Weather', Array)
#81 C:\\wamp64\\www\\AFRV8\\vendor\\laravel\\framework\\src\\Illuminate\\View\\Engines\\PhpEngine.php(43): include('C:\\\\wamp64\\\\www\\\\A...')
#82 C:\\wamp64\\www\\AFRV8\\vendor\\laravel\\framework\\src\\Illuminate\\View\\Engines\\CompilerEngine.php(59): Illuminate\\View\\Engines\\PhpEngine->evaluatePath('C:\\\\wamp64\\\\www\\\\A...', Array)
#83 C:\\wamp64\\www\\AFRV8\\vendor\\facade\\ignition\\src\\Views\\Engines\\CompilerEngine.php(36): Illuminate\\View\\Engines\\CompilerEngine->get('C:\\\\wamp64\\\\www\\\\A...', Array)
#84 C:\\wamp64\\www\\AFRV8\\vendor\\laravel\\framework\\src\\Illuminate\\View\\View.php(143): Facade\\Ignition\\Views\\Engines\\CompilerEngine->get('C:\\\\wamp64\\\\www\\\\A...', Array)
#85 C:\\wamp64\\www\\AFRV8\\vendor\\laravel\\framework\\src\\Illuminate\\View\\View.php(126): Illuminate\\View\\View->getContents()
#86 C:\\wamp64\\www\\AFRV8\\vendor\\laravel\\framework\\src\\Illuminate\\View\\View.php(91): Illuminate\\View\\View->renderContents()
#87 C:\\wamp64\\www\\AFRV8\\vendor\\laravel\\framework\\src\\Illuminate\\View\\View.php(438): Illuminate\\View\\View->render()
#88 C:\\wamp64\\www\\AFRV8\\vendor\\monolog\\monolog\\src\\Monolog\\Formatter\\NormalizerFormatter.php(159): Illuminate\\View\\View->__toString()
#89 C:\\wamp64\\www\\AFRV8\\vendor\\monolog\\monolog\\src\\Monolog\\Formatter\\NormalizerFormatter.php(141): Monolog\\Formatter\\NormalizerFormatter->normalize(Object(Illuminate\\View\\View), 4)
#90 C:\\wamp64\\www\\AFRV8\\vendor\\monolog\\monolog\\src\\Monolog\\Formatter\\NormalizerFormatter.php(141): Monolog\\Formatter\\NormalizerFormatter->normalize(Array, 3)
#91 C:\\wamp64\\www\\AFRV8\\vendor\\monolog\\monolog\\src\\Monolog\\Formatter\\NormalizerFormatter.php(141): Monolog\\Formatter\\NormalizerFormatter->normalize(Array, 2)
#92 C:\\wamp64\\www\\AFRV8\\vendor\\monolog\\monolog\\src\\Monolog\\Formatter\\NormalizerFormatter.php(141): Monolog\\Formatter\\NormalizerFormatter->normalize(Array, 1)
#93 C:\\wamp64\\www\\AFRV8\\vendor\\monolog\\monolog\\src\\Monolog\\Formatter\\NormalizerFormatter.php(49): Monolog\\Formatter\\NormalizerFormatter->normalize(Array)
#94 C:\\wamp64\\www\\AFRV8\\vendor\\monolog\\monolog\\src\\Monolog\\Formatter\\LineFormatter.php(70): Monolog\\Formatter\\NormalizerFormatter->format(Array)
#95 C:\\wamp64\\www\\AFRV8\\vendor\\monolog\\monolog\\src\\Monolog\\Handler\\AbstractProcessingHandler.php(40): Monolog\\Formatter\\LineFormatter->format(Array)
#96 C:\\wamp64\\www\\AFRV8\\vendor\\monolog\\monolog\\src\\Monolog\\Logger.php(323): Monolog\\Handler\\AbstractProcessingHandler->handle(Array)
#97 C:\\wamp64\\www\\AFRV8\\vendor\\monolog\\monolog\\src\\Monolog\\Logger.php(538): Monolog\\Logger->addRecord(400, 'Error getting M...', Array)
#98 C:\\wamp64\\www\\AFRV8\\vendor\\laravel\\framework\\src\\Illuminate\\Log\\Logger.php(176): Monolog\\Logger->error('Error getting M...', Array)
#99 C:\\wamp64\\www\\AFRV8\\vendor\\laravel\\framework\\src\\Illuminate\\Log\\Logger.php(87): Illuminate\\Log\\Logger->writeLog('error', 'Error getting M...', Array)
#100 C:\\wamp64\\www\\AFRV8\\vendor\\laravel\\framework\\src\\Illuminate\\Log\\LogManager.php(539): Illuminate\\Log\\Logger->error('Error getting M...', Array)
#101 C:\\wamp64\\www\\AFRV8\\vendor\\laravel\\framework\\src\\Illuminate\\Support\\Facades\\Facade.php(239): Illuminate\\Log\\LogManager->error('Error getting M...', Array)
#102 C:\\wamp64\\www\\AFRV8\\app\\Contracts\\Metar.php(45): Illuminate\\Support\\Facades\\Facade::__callStatic('error', Array)
#103 C:\\wamp64\\www\\AFRV8\\app\\Services\\AirportService.php(49): App\\Contracts\\Metar->get_metar('LFPG')
#104 C:\\wamp64\\www\\AFRV8\\app\\Widgets\\Weather.php(23): App\\Services\\AirportService->getMetar('LFPG')
#105 [internal function]: App\\Widgets\\Weather->run()
#106 C:\\wamp64\\www\\AFRV8\\vendor\\laravel\\framework\\src\\Illuminate\\Container\\BoundMethod.php(32): call_user_func_array(Array, Array)
#107 C:\\wamp64\\www\\AFRV8\\vendor\\laravel\\framework\\src\\Illuminate\\Support\\helpers.php(520): Illuminate\\Container\\BoundMethod::Illuminate\\Container\\{closure}()
#108 C:\\wamp64\\www\\AFRV8\\vendor\\laravel\\framework\\src\\Illuminate\\Container\\BoundMethod.php(90): value(Object(Closure))
#109 C:\\wamp64\\www\\AFRV8\\vendor\\laravel\\framework\\src\\Illuminate\\Container\\BoundMethod.php(34): Illuminate\\Container\\BoundMethod::callBoundMethod(Object(application), Array, Object(Closure))
#110 C:\\wamp64\\www\\AFRV8\\vendor\\laravel\\framework\\src\\Illuminate\\Container\\Container.php(591): Illuminate\\Container\\BoundMethod::call(Object(application), Array, Array, NULL)
#111 C:\\wamp64\\www\\AFRV8\\vendor\\arrilot\\laravel-widgets\\src\\Misc\\LaravelApplicationWrapper.php(55): Illuminate\\Container\\Container->call(Array, Array)
#112 C:\\wamp64\\www\\AFRV8\\vendor\\arrilot\\laravel-widgets\\src\\Factories\\WidgetFactory.php(54): Arrilot\\Widgets\\Misc\\LaravelApplicationWrapper->call(Array, Array)
#113 C:\\wamp64\\www\\AFRV8\\vendor\\arrilot\\laravel-widgets\\src\\Factories\\WidgetFactory.php(75): Arrilot\\Widgets\\Factories\\WidgetFactory->getContent()
#114 C:\\wamp64\\www\\AFRV8\\vendor\\arrilot\\laravel-widgets\\src\\Factories\\WidgetFactory.php(17): Arrilot\\Widgets\\Factories\\WidgetFactory->getContentFromCache(Array)
#115 [internal function]: Arrilot\\Widgets\\Factories\\WidgetFactory->run('Weather', Array)
#116 C:\\wamp64\\www\\AFRV8\\vendor\\arrilot\\laravel-widgets\\src\\Factories\\AbstractWidgetFactory.php(104): call_user_func_array(Array, Array)
#117 C:\\wamp64\\www\\AFRV8\\vendor\\laravel\\framework\\src\\Illuminate\\Support\\Facades\\Facade.php(239): Arrilot\\Widgets\\Factories\\AbstractWidgetFactory->__call('Weather', Array)
#118 C:\\wamp64\\www\\AFRV8\\storage\\framework\\views\\3fa90b603cab7d623df3e1e2291705f010dfa83d.php(89): Illuminate\\Support\\Facades\\Facade::__callStatic('Weather', Array)
#119 C:\\wamp64\\www\\AFRV8\\vendor\\laravel\\framework\\src\\Illuminate\\View\\Engines\\PhpEngine.php(43): include('C:\\\\wamp64\\\\www\\\\A...')
#120 C:\\wamp64\\www\\AFRV8\\vendor\\laravel\\framework\\src\\Illuminate\\View\\Engines\\CompilerEngine.php(59): Illuminate\\View\\Engines\\PhpEngine->evaluatePath('C:\\\\wamp64\\\\www\\\\A...', Array)
#121 C:\\wamp64\\www\\AFRV8\\vendor\\facade\\ignition\\src\\Views\\Engines\\CompilerEngine.php(36): Illuminate\\View\\Engines\\CompilerEngine->get('C:\\\\wamp64\\\\www\\\\A...', Array)
#122 C:\\wamp64\\www\\AFRV8\\vendor\\laravel\\framework\\src\\Illuminate\\View\\View.php(143): Facade\\Ignition\\Views\\Engines\\CompilerEngine->get('C:\\\\wamp64\\\\www\\\\A...', Array)
#123 C:\\wamp64\\www\\AFRV8\\vendor\\laravel\\framework\\src\\Illuminate\\View\\View.php(126): Illuminate\\View\\View->getContents()
#124 C:\\wamp64\\www\\AFRV8\\vendor\\laravel\\framework\\src\\Illuminate\\View\\View.php(91): Illuminate\\View\\View->renderContents()
#125 C:\\wamp64\\www\\AFRV8\\vendor\\laravel\\framework\\src\\Illuminate\\View\\View.php(438): Illuminate\\View\\View->render()
#126 C:\\wamp64\\www\\AFRV8\\vendor\\monolog\\monolog\\src\\Monolog\\Formatter\\NormalizerFormatter.php(159): Illuminate\\View\\View->__toString()
#127 C:\\wamp64\\www\\AFRV8\\vendor\\monolog\\monolog\\src\\Monolog\\Formatter\\NormalizerFormatter.php(141): Monolog\\Formatter\\NormalizerFormatter->normalize(Object(Illuminate\\View\\View), 4)
#128 C:\\wamp64\\www\\AFRV8\\vendor\\monolog\\monolog\\src\\Monolog\\Formatter\\NormalizerFormatter.php(141): Monolog\\Formatter\\NormalizerFormatter->normalize(Array, 3)
#129 C:\\wamp64\\www\\AFRV8\\vendor\\monolog\\monolog\\src\\Monolog\\Formatter\\NormalizerFormatter.php(141): Monolog\\Formatter\\NormalizerFormatter->normalize(Array, 2)
#130 C:\\wamp64\\www\\AFRV8\\vendor\\monolog\\monolog\\src\\Monolog\\Formatter\\NormalizerFormatter.php(141): Monolog\\Formatter\\NormalizerFormatter->normalize(Array, 1)
#131 C:\\wamp64\\www\\AFRV8\\vendor\\monolog\\monolog\\src\\Monolog\\Formatter\\NormalizerFormatter.php(49): Monolog\\Formatter\\NormalizerFormatter->normalize(Array)
#132 C:\\wamp64\\www\\AFRV8\\vendor\\monolog\\monolog\\src\\Monolog\\Formatter\\LineFormatter.php(70): Monolog\\Formatter\\NormalizerFormatter->format(Array)
#133 C:\\wamp64\\www\\AFRV8\\vendor\\monolog\\monolog\\src\\Monolog\\Handler\\AbstractProcessingHandler.php(40): Monolog\\Formatter\\LineFormatter->format(Array)
#134 C:\\wamp64\\www\\AFRV8\\vendor\\monolog\\monolog\\src\\Monolog\\Logger.php(323): Monolog\\Handler\\AbstractProcessingHandler->handle(Array)
#135 C:\\wamp64\\www\\AFRV8\\vendor\\monolog\\monolog\\src\\Monolog\\Logger.php(538): Monolog\\Logger->addRecord(400, 'Error getting M...', Array)
#136 C:\\wamp64\\www\\AFRV8\\vendor\\laravel\\framework\\src\\Illuminate\\Log\\Logger.php(176): Monolog\\Logger->error('Error getting M...', Array)
#137 C:\\wamp64\\www\\AFRV8\\vendor\\laravel\\framework\\src\\Illuminate\\Log\\Logger.php(87): Illuminate\\Log\\Logger->writeLog('error', 'Error getting M...', Array)
#138 C:\\wamp64\\www\\AFRV8\\vendor\\laravel\\framework\\src\\Illuminate\\Log\\LogManager.php(539): Illuminate\\Log\\Logger->error('Error getting M...', Array)
#139 C:\\wamp64\\www\\AFRV8\\vendor\\laravel\\framework\\src\\Illuminate\\Support\\Facades\\Facade.php(239): Illuminate\\Log\\LogManager->error('Error getting M...', Array)
#140 C:\\wamp64\\www\\AFRV8\\app\\Contracts\\Metar.php(45): Illuminate\\Support\\Facades\\Facade::__callStatic('error', Array)
#141 C:\\wamp64\\www\\AFRV8\\app\\Services\\AirportService.php(49): App\\Contracts\\Metar->get_metar('LFPG')
#142 C:\\wamp64\\www\\AFRV8\\app\\Widgets\\Weather.php(23): App\\Services\\AirportService->getMetar('LFPG')
#143 [internal function]: App\\Widgets\\Weather->run()
#144 C:\\wamp64\\www\\AFRV8\\vendor\\laravel\\framework\\src\\Illuminate\\Container\\BoundMethod.php(32): call_user_func_array(Array, Array)
#145 C:\\wamp64\\www\\AFRV8\\vendor\\laravel\\framework\\src\\Illuminate\\Support\\helpers.php(520): Illuminate\\Container\\BoundMethod::Illuminate\\Container\\{closure}()
#146 C:\\wamp64\\www\\AFRV8\\vendor\\laravel\\framework\\src\\Illuminate\\Container\\BoundMethod.php(90): value(Object(Closure))
#147 C:\\wamp64\\www\\AFRV8\\vendor\\laravel\\framework\\src\\Illuminate\\Container\\BoundMethod.php(34): Illuminate\\Container\\BoundMethod::callBoundMethod(Object(application), Array, Object(Closure))
#148 C:\\wamp64\\www\\AFRV8\\vendor\\laravel\\framework\\src\\Illuminate\\Container\\Container.php(591): Illuminate\\Container\\BoundMethod::call(Object(application), Array, Array, NULL)
#149 C:\\wamp64\\www\\AFRV8\\vendor\\arrilot\\laravel-widgets\\src\\Misc\\LaravelApplicationWrapper.php(55): Illuminate\\Container\\Container->call(Array, Array)
#150 C:\\wamp64\\www\\AFRV8\\vendor\\arrilot\\laravel-widgets\\src\\Factories\\WidgetFactory.php(54): Arrilot\\Widgets\\Misc\\LaravelApplicationWrapper->call(Array, Array)
#151 C:\\wamp64\\www\\AFRV8\\vendor\\arrilot\\laravel-widgets\\src\\Factories\\WidgetFactory.php(75): Arrilot\\Widgets\\Factories\\WidgetFactory->getContent()
#152 C:\\wamp64\\www\\AFRV8\\vendor\\arrilot\\laravel-widgets\\src\\Factories\\WidgetFactory.php(17): Arrilot\\Widgets\\Factories\\WidgetFactory->getContentFromCache(Array)
#153 [internal function]: Arrilot\\Widgets\\Factories\\WidgetFactory->run('Weather', Array)
#154 C:\\wamp64\\www\\AFRV8\\vendor\\arrilot\\laravel-widgets\\src\\Factories\\AbstractWidgetFactory.php(104): call_user_func_array(Array, Array)
#155 C:\\wamp64\\www\\AFRV8\\vendor\\laravel\\framework\\src\\Illuminate\\Support\\Facades\\Facade.php(239): Arrilot\\Widgets\\Factories\\AbstractWidgetFactory->__call('Weather', Array)
#156 C:\\wamp64\\www\\AFRV8\\storage\\framework\\views\\3fa90b603cab7d623df3e1e2291705f010dfa83d.php(89): Illuminate\\Support\\Facades\\Facade::__callStatic('Weather', Array)
#157 C:\\wamp64\\www\\AFRV8\\vendor\\laravel\\framework\\src\\Illuminate\\View\\Engines\\PhpEngine.php(43): include('C:\\\\wamp64\\\\www\\\\A...')
#158 C:\\wamp64\\www\\AFRV8\\vendor\\laravel\\framework\\src\\Illuminate\\View\\Engines\\CompilerEngine.php(59): Illuminate\\View\\Engines\\PhpEngine->evaluatePath('C:\\\\wamp64\\\\www\\\\A...', Array)
#159 C:\\wamp64\\www\\AFRV8\\vendor\\facade\\ignition\\src\\Views\\Engines\\CompilerEngine.php(36): Illuminate\\View\\Engines\\CompilerEngine->get('C:\\\\wamp64\\\\www\\\\A...', Array)
#160 C:\\wamp64\\www\\AFRV8\\vendor\\laravel\\framework\\src\\Illuminate\\View\\View.php(143): Facade\\Ignition\\Views\\Engines\\CompilerEngine->get('C:\\\\wamp64\\\\www\\\\A...', Array)
#161 C:\\wamp64\\www\\AFRV8\\vendor\\laravel\\framework\\src\\Illuminate\\View\\View.php(126): Illuminate\\View\\View->getContents()
#162 C:\\wamp64\\www\\AFRV8\\vendor\\laravel\\framework\\src\\Illuminate\\View\\View.php(91): Illuminate\\View\\View->renderContents()
#163 C:\\wamp64\\www\\AFRV8\\vendor\\laravel\\framework\\src\\Illuminate\\View\\View.php(438): Illuminate\\View\\View->render()
#164 C:\\wamp64\\www\\AFRV8\\vendor\\monolog\\monolog\\src\\Monolog\\Formatter\\NormalizerFormatter.php(159): Illuminate\\View\\View->__toString()
#165 C:\\wamp64\\www\\AFRV8\\vendor\\monolog\\monolog\\src\\Monolog\\Formatter\\NormalizerFormatter.php(141): Monolog\\Formatter\\NormalizerFormatter->normalize(Object(Illuminate\\View\\View), 4)
#166 C:\\wamp64\\www\\AFRV8\\vendor\\monolog\\monolog\\src\\Monolog\\Formatter\\NormalizerFormatter.php(141): Monolog\\Formatter\\NormalizerFormatter->normalize(Array, 3)
#167 C:\\wamp64\\www\\AFRV8\\vendor\\monolog\\monolog\\src\\Monolog\\Formatter\\NormalizerFormatter.php(141): Monolog\\Formatter\\NormalizerFormatter->normalize(Array, 2)
#168 C:\\wamp64\\www\\AFRV8\\vendor\\monolog\\monolog\\src\\Monolog\\Formatter\\NormalizerFormatter.php(141): Monolog\\Formatter\\NormalizerFormatter->normalize(Array, 1)
#169 C:\\wamp64\\www\\AFRV8\\vendor\\monolog\\monolog\\src\\Monolog\\Formatter\\NormalizerFormatter.php(49): Monolog\\Formatter\\NormalizerFormatter->normalize(Array)
#170 C:\\wamp64\\www\\AFRV8\\vendor\\monolog\\monolog\\src\\Monolog\\Formatter\\LineFormatter.php(70): Monolog\\Formatter\\NormalizerFormatter->format(Array)
#171 C:\\wamp64\\www\\AFRV8\\vendor\\monolog\\monolog\\src\\Monolog\\Handler\\AbstractProcessingHandler.php(40): Monolog\\Formatter\\LineFormatter->format(Array)
#172 C:\\wamp64\\www\\AFRV8\\vendor\\monolog\\monolog\\src\\Monolog\\Logger.php(323): Monolog\\Handler\\AbstractProcessingHandler->handle(Array)
#173 C:\\wamp64\\www\\AFRV8\\vendor\\monolog\\monolog\\src\\Monolog\\Logger.php(538): Monolog\\Logger->addRecord(400, 'Error getting M...', Array)
#174 C:\\wamp64\\www\\AFRV8\\vendor\\laravel\\framework\\src\\Illuminate\\Log\\Logger.php(176): Monolog\\Logger->error('Error getting M...', Array)
#175 C:\\wamp64\\www\\AFRV8\\vendor\\laravel\\framework\\src\\Illuminate\\Log\\Logger.php(87): Illuminate\\Log\\Logger->writeLog('error', 'Error getting M...', Array)
#176 C:\\wamp64\\www\\AFRV8\\vendor\\laravel\\framework\\src\\Illuminate\\Log\\LogManager.php(539): Illuminate\\Log\\Logger->error('Error getting M...', Array)
#177 C:\\wamp64\\www\\AFRV8\\vendor\\laravel\\framework\\src\\Illuminate\\Support\\Facades\\Facade.php(239): Illuminate\\Log\\LogManager->error('Error getting M...', Array)
#178 C:\\wamp64\\www\\AFRV8\\app\\Contracts\\Metar.php(45): Illuminate\\Support\\Facades\\Facade::__callStatic('error', Array)
#179 C:\\wamp64\\www\\AFRV8\\app\\Services\\AirportService.php(49): App\\Contracts\\Metar->get_metar('LFPG')
#180 C:\\wamp64\\www\\AFRV8\\app\\Widgets\\Weather.php(23): App\\Services\\AirportService->getMetar('LFPG')
#181 [internal function]: App\\Widgets\\Weather->run()
#182 C:\\wamp64\\www\\AFRV8\\vendor\\laravel\\framework\\src\\Illuminate\\Container\\BoundMethod.php(32): call_user_func_array(Array, Array)
#183 C:\\wamp64\\www\\AFRV8\\vendor\\laravel\\framework\\src\\Illuminate\\Support\\helpers.php(520): Illuminate\\Container\\BoundMethod::Illuminate\\Container\\{closure}()
#184 C:\\wamp64\\www\\AFRV8\\vendor\\laravel\\framework\\src\\Illuminate\\Container\\BoundMethod.php(90): value(Object(Closure))
#185 C:\\wamp64\\www\\AFRV8\\vendor\\laravel\\framework\\src\\Illuminate\\Container\\BoundMethod.php(34): Illuminate\\Container\\BoundMethod::callBoundMethod(Object(application), Array, Object(Closure))
#186 C:\\wamp64\\www\\AFRV8\\vendor\\laravel\\framework\\src\\Illuminate\\Container\\Container.php(591): Illuminate\\Container\\BoundMethod::call(Object(application), Array, Array, NULL)
#187 C:\\wamp64\\www\\AFRV8\\vendor\\arrilot\\laravel-widgets\\src\\Misc\\LaravelApplicationWrapper.php(55): Illuminate\\Container\\Container->call(Array, Array)
#188 C:\\wamp64\\www\\AFRV8\\vendor\\arrilot\\laravel-widgets\\src\\Factories\\WidgetFactory.php(54): Arrilot\\Widgets\\Misc\\LaravelApplicationWrapper->call(Array, Array)
#189 C:\\wamp64\\www\\AFRV8\\vendor\\arrilot\\laravel-widgets\\src\\Factories\\WidgetFactory.php(75): Arrilot\\Widgets\\Factories\\WidgetFactory->getContent()
#190 C:\\wamp64\\www\\AFRV8\\vendor\\arrilot\\laravel-widgets\\src\\Factories\\WidgetFactory.php(17): Arrilot\\Widgets\\Factories\\WidgetFactory->getContentFromCache(Array)
#191 [internal function]: Arrilot\\Widgets\\Factories\\WidgetFactory->run('Weather', Array)
#192 C:\\wamp64\\www\\AFRV8\\vendor\\arrilot\\laravel-widgets\\src\\Factories\\AbstractWidgetFactory.php(104): call_user_func_array(Array, Array)
#193 C:\\wamp64\\www\\AFRV8\\vendor\\laravel\\framework\\src\\Illuminate\\Support\\Facades\\Facade.php(239): Arrilot\\Widgets\\Factories\\AbstractWidgetFactory->__call('Weather', Array)
#194 C:\\wamp64\\www\\AFRV8\\storage\\framework\\views\\3fa90b603cab7d623df3e1e2291705f010dfa83d.php(89): Illuminate\\Support\\Facades\\Facade::__callStatic('Weather', Array)
#195 C:\\wamp64\\www\\AFRV8\\vendor\\laravel\\framework\\src\\Illuminate\\View\\Engines\\PhpEngine.php(43): include('C:\\\\wamp64\\\\www\\\\A...')
#196 C:\\wamp64\\www\\AFRV8\\vendor\\laravel\\framework\\src\\Illuminate\\View\\Engines\\CompilerEngine.php(59): Illuminate\\View\\Engines\\PhpEngine->evaluatePath('C:\\\\wamp64\\\\www\\\\A...', Array)
#197 C:\\wamp64\\www\\AFRV8\\vendor\\facade\\ignition\\src\\Views\\Engines\\CompilerEngine.php(36): Illuminate\\View\\Engines\\CompilerEngine->get('C:\\\\wamp64\\\\www\\\\A...', Array)
#198 C:\\wamp64\\www\\AFRV8\\vendor\\laravel\\framework\\src\\Illuminate\\View\\View.php(143): Facade\\Ignition\\Views\\Engines\\CompilerEngine->get('C:\\\\wamp64\\\\www\\\\A...', Array)
#199 C:\\wamp64\\www\\AFRV8\\vendor\\laravel\\framework\\src\\Illuminate\\View\\View.php(126): Illuminate\\View\\View->getContents()
#200 C:\\wamp64\\www\\AFRV8\\vendor\\laravel\\framework\\src\\Illuminate\\View\\View.php(91): Illuminate\\View\\View->renderContents()
#201 C:\\wamp64\\www\\AFRV8\\vendor\\laravel\\framework\\src\\Illuminate\\Http\\Response.php(42): Illuminate\\View\\View->render()
#202 C:\\wamp64\\www\\AFRV8\\vendor\\symfony\\http-foundation\\Response.php(202): Illuminate\\Http\\Response->setContent(Object(Illuminate\\View\\View))
#203 C:\\wamp64\\www\\AFRV8\\vendor\\laravel\\framework\\src\\Illuminate\\Routing\\Router.php(748): Symfony\\Component\\HttpFoundation\\Response->__construct(Object(Illuminate\\View\\View))
#204 C:\\wamp64\\www\\AFRV8\\vendor\\laravel\\framework\\src\\Illuminate\\Routing\\Router.php(720): Illuminate\\Routing\\Router::toResponse(Object(Illuminate\\Http\\Request), Object(Illuminate\\View\\View))
#205 C:\\wamp64\\www\\AFRV8\\vendor\\laravel\\framework\\src\\Illuminate\\Routing\\Router.php(680): Illuminate\\Routing\\Router->prepareResponse(Object(Illuminate\\Http\\Request), Object(Illuminate\\View\\View))
#206 C:\\wamp64\\www\\AFRV8\\vendor\\laravel\\framework\\src\\Illuminate\\Pipeline\\Pipeline.php(130): Illuminate\\Routing\\Router->Illuminate\\Routing\\{closure}(Object(Illuminate\\Http\\Request))
#207 C:\\wamp64\\www\\AFRV8\\app\\Http\\Middleware\\SetActiveTheme.php(20): Illuminate\\Pipeline\\Pipeline->Illuminate\\Pipeline\\{closure}(Object(Illuminate\\Http\\Request))
#208 C:\\wamp64\\www\\AFRV8\\vendor\\laravel\\framework\\src\\Illuminate\\Pipeline\\Pipeline.php(171): App\\Http\\Middleware\\SetActiveTheme->handle(Object(Illuminate\\Http\\Request), Object(Closure))
#209 C:\\wamp64\\www\\AFRV8\\vendor\\santigarcor\\laratrust\\src\\Middleware\\LaratrustRole.php(32): Illuminate\\Pipeline\\Pipeline->Illuminate\\Pipeline\\{closure}(Object(Illuminate\\Http\\Request))
#210 C:\\wamp64\\www\\AFRV8\\vendor\\laravel\\framework\\src\\Illuminate\\Pipeline\\Pipeline.php(171): Laratrust\\Middleware\\LaratrustRole->handle(Object(Illuminate\\Http\\Request), Object(Closure), 'admin|user')
#211 C:\\wamp64\\www\\AFRV8\\vendor\\laravel\\framework\\src\\Illuminate\\Routing\\Middleware\\SubstituteBindings.php(41): Illuminate\\Pipeline\\Pipeline->Illuminate\\Pipeline\\{closure}(Object(Illuminate\\Http\\Request))
#212 C:\\wamp64\\www\\AFRV8\\vendor\\laravel\\framework\\src\\Illuminate\\Pipeline\\Pipeline.php(171): Illuminate\\Routing\\Middleware\\SubstituteBindings->handle(Object(Illuminate\\Http\\Request), Object(Closure))
#213 C:\\wamp64\\www\\AFRV8\\vendor\\laravel\\framework\\src\\Illuminate\\Foundation\\Http\\Middleware\\VerifyCsrfToken.php(76): Illuminate\\Pipeline\\Pipeline->Illuminate\\Pipeline\\{closure}(Object(Illuminate\\Http\\Request))
#214 C:\\wamp64\\www\\AFRV8\\vendor\\laravel\\framework\\src\\Illuminate\\Pipeline\\Pipeline.php(171): Illuminate\\Foundation\\Http\\Middleware\\VerifyCsrfToken->handle(Object(Illuminate\\Http\\Request), Object(Closure))
#215 C:\\wamp64\\www\\AFRV8\\vendor\\laravel\\framework\\src\\Illuminate\\View\\Middleware\\ShareErrorsFromSession.php(49): Illuminate\\Pipeline\\Pipeline->Illuminate\\Pipeline\\{closure}(Object(Illuminate\\Http\\Request))
#216 C:\\wamp64\\www\\AFRV8\\vendor\\laravel\\framework\\src\\Illuminate\\Pipeline\\Pipeline.php(171): Illuminate\\View\\Middleware\\ShareErrorsFromSession->handle(Object(Illuminate\\Http\\Request), Object(Closure))
#217 C:\\wamp64\\www\\AFRV8\\vendor\\laravel\\framework\\src\\Illuminate\\Session\\Middleware\\StartSession.php(56): Illuminate\\Pipeline\\Pipeline->Illuminate\\Pipeline\\{closure}(Object(Illuminate\\Http\\Request))
#218 C:\\wamp64\\www\\AFRV8\\vendor\\laravel\\framework\\src\\Illuminate\\Pipeline\\Pipeline.php(171): Illuminate\\Session\\Middleware\\StartSession->handle(Object(Illuminate\\Http\\Request), Object(Closure))
#219 C:\\wamp64\\www\\AFRV8\\vendor\\laravel\\framework\\src\\Illuminate\\Cookie\\Middleware\\AddQueuedCookiesToResponse.php(37): Illuminate\\Pipeline\\Pipeline->Illuminate\\Pipeline\\{closure}(Object(Illuminate\\Http\\Request))
#220 C:\\wamp64\\www\\AFRV8\\vendor\\laravel\\framework\\src\\Illuminate\\Pipeline\\Pipeline.php(171): Illuminate\\Cookie\\Middleware\\AddQueuedCookiesToResponse->handle(Object(Illuminate\\Http\\Request), Object(Closure))
#221 C:\\wamp64\\www\\AFRV8\\vendor\\laravel\\framework\\src\\Illuminate\\Cookie\\Middleware\\EncryptCookies.php(66): Illuminate\\Pipeline\\Pipeline->Illuminate\\Pipeline\\{closure}(Object(Illuminate\\Http\\Request))
#222 C:\\wamp64\\www\\AFRV8\\vendor\\laravel\\framework\\src\\Illuminate\\Pipeline\\Pipeline.php(171): Illuminate\\Cookie\\Middleware\\EncryptCookies->handle(Object(Illuminate\\Http\\Request), Object(Closure))
#223 C:\\wamp64\\www\\AFRV8\\app\\Http\\Middleware\\InstalledCheck.php(28): Illuminate\\Pipeline\\Pipeline->Illuminate\\Pipeline\\{closure}(Object(Illuminate\\Http\\Request))
#224 C:\\wamp64\\www\\AFRV8\\vendor\\laravel\\framework\\src\\Illuminate\\Pipeline\\Pipeline.php(171): App\\Http\\Middleware\\InstalledCheck->handle(Object(Illuminate\\Http\\Request), Object(Closure))
#225 C:\\wamp64\\www\\AFRV8\\vendor\\laravel\\framework\\src\\Illuminate\\Pipeline\\Pipeline.php(105): Illuminate\\Pipeline\\Pipeline->Illuminate\\Pipeline\\{closure}(Object(Illuminate\\Http\\Request))
#226 C:\\wamp64\\www\\AFRV8\\vendor\\laravel\\framework\\src\\Illuminate\\Routing\\Router.php(682): Illuminate\\Pipeline\\Pipeline->then(Object(Closure))
#227 C:\\wamp64\\www\\AFRV8\\vendor\\laravel\\framework\\src\\Illuminate\\Routing\\Router.php(657): Illuminate\\Routing\\Router->runRouteWithinStack(Object(Illuminate\\Routing\\Route), Object(Illuminate\\Http\\Request))
#228 C:\\wamp64\\www\\AFRV8\\vendor\\laravel\\framework\\src\\Illuminate\\Routing\\Router.php(623): Illuminate\\Routing\\Router->runRoute(Object(Illuminate\\Http\\Request), Object(Illuminate\\Routing\\Route))
#229 C:\\wamp64\\www\\AFRV8\\vendor\\laravel\\framework\\src\\Illuminate\\Routing\\Router.php(612): Illuminate\\Routing\\Router->dispatchToRoute(Object(Illuminate\\Http\\Request))
#230 C:\\wamp64\\www\\AFRV8\\vendor\\laravel\\framework\\src\\Illuminate\\Foundation\\Http\\Kernel.php(176): Illuminate\\Routing\\Router->dispatch(Object(Illuminate\\Http\\Request))
#231 C:\\wamp64\\www\\AFRV8\\vendor\\laravel\\framework\\src\\Illuminate\\Pipeline\\Pipeline.php(130): Illuminate\\Foundation\\Http\\Kernel->Illuminate\\Foundation\\Http\\{closure}(Object(Illuminate\\Http\\Request))
#232 C:\\wamp64\\www\\AFRV8\\vendor\\laravel\\framework\\src\\Illuminate\\Foundation\\Http\\Middleware\\TransformsRequest.php(21): Illuminate\\Pipeline\\Pipeline->Illuminate\\Pipeline\\{closure}(Object(Illuminate\\Http\\Request))
#233 C:\\wamp64\\www\\AFRV8\\vendor\\laravel\\framework\\src\\Illuminate\\Pipeline\\Pipeline.php(171): Illuminate\\Foundation\\Http\\Middleware\\TransformsRequest->handle(Object(Illuminate\\Http\\Request), Object(Closure))
#234 C:\\wamp64\\www\\AFRV8\\vendor\\laravel\\framework\\src\\Illuminate\\Foundation\\Http\\Middleware\\TransformsRequest.php(21): Illuminate\\Pipeline\\Pipeline->Illuminate\\Pipeline\\{closure}(Object(Illuminate\\Http\\Request))
#235 C:\\wamp64\\www\\AFRV8\\vendor\\laravel\\framework\\src\\Illuminate\\Pipeline\\Pipeline.php(171): Illuminate\\Foundation\\Http\\Middleware\\TransformsRequest->handle(Object(Illuminate\\Http\\Request), Object(Closure))
#236 C:\\wamp64\\www\\AFRV8\\vendor\\laravel\\framework\\src\\Illuminate\\Foundation\\Http\\Middleware\\CheckForMaintenanceMode.php(62): Illuminate\\Pipeline\\Pipeline->Illuminate\\Pipeline\\{closure}(Object(Illuminate\\Http\\Request))
#237 C:\\wamp64\\www\\AFRV8\\vendor\\laravel\\framework\\src\\Illuminate\\Pipeline\\Pipeline.php(171): Illuminate\\Foundation\\Http\\Middleware\\CheckForMaintenanceMode->handle(Object(Illuminate\\Http\\Request), Object(Closure))
#238 C:\\wamp64\\www\\AFRV8\\vendor\\laravel\\framework\\src\\Illuminate\\Pipeline\\Pipeline.php(105): Illuminate\\Pipeline\\Pipeline->Illuminate\\Pipeline\\{closure}(Object(Illuminate\\Http\\Request))
#239 C:\\wamp64\\www\\AFRV8\\vendor\\laravel\\framework\\src\\Illuminate\\Foundation\\Http\\Kernel.php(151): Illuminate\\Pipeline\\Pipeline->then(Object(Closure))
#240 C:\\wamp64\\www\\AFRV8\\vendor\\laravel\\framework\\src\\Illuminate\\Foundation\\Http\\Kernel.php(116): Illuminate\\Foundation\\Http\\Kernel->sendRequestThroughRouter(Object(Illuminate\\Http\\Request))
#241 C:\\wamp64\\www\\AFRV8\\public\\index.php(22): Illuminate\\Foundation\\Http\\Kernel->handle(Object(Illuminate\\Http\\Request))
#242 {main}
"} 
[2020-01-26 01:05:41] prod.ERROR: Allowed memory size of 134217728 bytes exhausted (tried to allocate 65015808 bytes) {"userId":1,"exception":"[object] (Symfony\\Component\\Debug\\Exception\\FatalErrorException(code: 1): Allowed memory size of 134217728 bytes exhausted (tried to allocate 65015808 bytes) at C:\\wamp64\\www\\AFRV8\\vendor\\facade\\ignition\\src\\ErrorPage\\ErrorPageViewModel.php:128)
[stacktrace]
#0 C:\\wamp64\\www\\AFRV8\\vendor\\laravel\\framework\\src\\Illuminate\\Foundation\\Bootstrap\\HandleExceptions.php(148): Symfony\\Component\\Debug\\Exception\\FatalErrorException->__construct()
#1 C:\\wamp64\\www\\AFRV8\\vendor\\laravel\\framework\\src\\Illuminate\\Foundation\\Bootstrap\\HandleExceptions.php(134): Illuminate\\Foundation\\Bootstrap\\HandleExceptions->fatalExceptionFromError()
#2 C:\\wamp64\\www\\AFRV8\\vendor\\laravel\\framework\\src\\Illuminate\\Foundation\\Bootstrap\\HandleExceptions.php(0): Illuminate\\Foundation\\Bootstrap\\HandleExceptions->handleShutdown()
#3 C:\\wamp64\\www\\AFRV8\\vendor\\facade\\ignition\\src\\ErrorPage\\ErrorPageViewModel.php(128): json_encode()
#4 C:\\wamp64\\www\\AFRV8\\vendor\\facade\\ignition\esources\\views\\errorPage.php(36): Facade\\Ignition\\ErrorPage\\ErrorPageViewModel->jsonEncode()
#5 C:\\wamp64\\www\\AFRV8\\vendor\\facade\\ignition\\src\\ErrorPage\\Renderer.php(27): Facade\\Ignition\\ErrorPage\\Renderer->()
#6 C:\\wamp64\\www\\AFRV8\\vendor\\facade\\ignition\\src\\ErrorPage\\ErrorPageHandler.php(73): Facade\\Ignition\\ErrorPage\\Renderer->render()
#7 C:\\wamp64\\www\\AFRV8\\vendor\\facade\\ignition\\src\\ErrorPage\\ErrorPageHandler.php(52): Facade\\Ignition\\ErrorPage\\ErrorPageHandler->renderException()
#8 C:\\wamp64\\www\\AFRV8\\vendor\\facade\\ignition\\src\\ErrorPage\\IgnitionWhoopsHandler.php(25): Facade\\Ignition\\ErrorPage\\ErrorPageHandler->handle()
#9 C:\\wamp64\\www\\AFRV8\\vendor\\filp\\whoops\\src\\Whoops\\Run.php(321): Facade\\Ignition\\ErrorPage\\IgnitionWhoopsHandler->handle()
#10 C:\\wamp64\\www\\AFRV8\\vendor\\laravel\\framework\\src\\Illuminate\\Foundation\\Exceptions\\Handler.php(345): Whoops\\Run->handleException()
#11 C:\\wamp64\\www\\AFRV8\\vendor\\laravel\\framework\\src\\Illuminate\\Foundation\\Exceptions\\Handler.php(324): App\\Exceptions\\Handler->renderExceptionWithWhoops()
#12 C:\\wamp64\\www\\AFRV8\\vendor\\laravel\\framework\\src\\Illuminate\\Foundation\\Exceptions\\Handler.php(308): App\\Exceptions\\Handler->renderExceptionContent()
#13 C:\\wamp64\\www\\AFRV8\\vendor\\laravel\\framework\\src\\Illuminate\\Foundation\\Exceptions\\Handler.php(287): App\\Exceptions\\Handler->convertExceptionToResponse()
#14 C:\\wamp64\\www\\AFRV8\\vendor\\laravel\\framework\\src\\Illuminate\\Foundation\\Exceptions\\Handler.php(192): App\\Exceptions\\Handler->prepareResponse()
#15 C:\\wamp64\\www\\AFRV8\\app\\Exceptions\\Handler.php(90): App\\Exceptions\\Handler->render()
#16 C:\\wamp64\\www\\AFRV8\\vendor\\laravel\\framework\\src\\Illuminate\\Routing\\Pipeline.php(51): App\\Exceptions\\Handler->render()
#17 C:\\wamp64\\www\\AFRV8\\vendor\\laravel\\framework\\src\\Illuminate\\Pipeline\\Pipeline.php(132): Illuminate\\Routing\\Pipeline->handleException()
#18 C:\\wamp64\\www\\AFRV8\\app\\Http\\Middleware\\SetActiveTheme.php(20): Illuminate\\Routing\\Pipeline->Illuminate\\Pipeline\\{closure:C:\\wamp64\\www\\AFRV8\\vendor\\laravel\\framework\\src\\Illuminate\\Pipeline\\Pipeline.php:128-136}()
#19 C:\\wamp64\\www\\AFRV8\\vendor\\laravel\\framework\\src\\Illuminate\\Pipeline\\Pipeline.php(171): App\\Http\\Middleware\\SetActiveTheme->handle()
#20 C:\\wamp64\\www\\AFRV8\\vendor\\santigarcor\\laratrust\\src\\Middleware\\LaratrustRole.php(32): Illuminate\\Routing\\Pipeline->Illuminate\\Pipeline\\{closure:C:\\wamp64\\www\\AFRV8\\vendor\\laravel\\framework\\src\\Illuminate\\Pipeline\\Pipeline.php:147-180}()
#21 C:\\wamp64\\www\\AFRV8\\vendor\\laravel\\framework\\src\\Illuminate\\Pipeline\\Pipeline.php(171): Laratrust\\Middleware\\LaratrustRole->handle()
#22 C:\\wamp64\\www\\AFRV8\\vendor\\laravel\\framework\\src\\Illuminate\\Routing\\Middleware\\SubstituteBindings.php(41): Illuminate\\Routing\\Pipeline->Illuminate\\Pipeline\\{closure:C:\\wamp64\\www\\AFRV8\\vendor\\laravel\\framework\\src\\Illuminate\\Pipeline\\Pipeline.php:147-180}()
#23 C:\\wamp64\\www\\AFRV8\\vendor\\laravel\\framework\\src\\Illuminate\\Pipeline\\Pipeline.php(171): Illuminate\\Routing\\Middleware\\SubstituteBindings->handle()
#24 C:\\wamp64\\www\\AFRV8\\vendor\\laravel\\framework\\src\\Illuminate\\Foundation\\Http\\Middleware\\VerifyCsrfToken.php(76): Illuminate\\Routing\\Pipeline->Illuminate\\Pipeline\\{closure:C:\\wamp64\\www\\AFRV8\\vendor\\laravel\\framework\\src\\Illuminate\\Pipeline\\Pipeline.php:147-180}()
#25 C:\\wamp64\\www\\AFRV8\\vendor\\laravel\\framework\\src\\Illuminate\\Pipeline\\Pipeline.php(171): App\\Http\\Middleware\\VerifyCsrfToken->handle()
#26 C:\\wamp64\\www\\AFRV8\\vendor\\laravel\\framework\\src\\Illuminate\\View\\Middleware\\ShareErrorsFromSession.php(49): Illuminate\\Routing\\Pipeline->Illuminate\\Pipeline\\{closure:C:\\wamp64\\www\\AFRV8\\vendor\\laravel\\framework\\src\\Illuminate\\Pipeline\\Pipeline.php:147-180}()
#27 C:\\wamp64\\www\\AFRV8\\vendor\\laravel\\framework\\src\\Illuminate\\Pipeline\\Pipeline.php(171): Illuminate\\View\\Middleware\\ShareErrorsFromSession->handle()
#28 C:\\wamp64\\www\\AFRV8\\vendor\\laravel\\framework\\src\\Illuminate\\Session\\Middleware\\StartSession.php(56): Illuminate\\Routing\\Pipeline->Illuminate\\Pipeline\\{closure:C:\\wamp64\\www\\AFRV8\\vendor\\laravel\\framework\\src\\Illuminate\\Pipeline\\Pipeline.php:147-180}()
#29 C:\\wamp64\\www\\AFRV8\\vendor\\laravel\\framework\\src\\Illuminate\\Pipeline\\Pipeline.php(171): Illuminate\\Session\\Middleware\\StartSession->handle()
#30 C:\\wamp64\\www\\AFRV8\\vendor\\laravel\\framework\\src\\Illuminate\\Cookie\\Middleware\\AddQueuedCookiesToResponse.php(37): Illuminate\\Routing\\Pipeline->Illuminate\\Pipeline\\{closure:C:\\wamp64\\www\\AFRV8\\vendor\\laravel\\framework\\src\\Illuminate\\Pipeline\\Pipeline.php:147-180}()
#31 C:\\wamp64\\www\\AFRV8\\vendor\\laravel\\framework\\src\\Illuminate\\Pipeline\\Pipeline.php(171): Illuminate\\Cookie\\Middleware\\AddQueuedCookiesToResponse->handle()
#32 C:\\wamp64\\www\\AFRV8\\vendor\\laravel\\framework\\src\\Illuminate\\Cookie\\Middleware\\EncryptCookies.php(66): Illuminate\\Routing\\Pipeline->Illuminate\\Pipeline\\{closure:C:\\wamp64\\www\\AFRV8\\vendor\\laravel\\framework\\src\\Illuminate\\Pipeline\\Pipeline.php:147-180}()
#33 C:\\wamp64\\www\\AFRV8\\vendor\\laravel\\framework\\src\\Illuminate\\Pipeline\\Pipeline.php(171): App\\Http\\Middleware\\EncryptCookies->handle()
#34 C:\\wamp64\\www\\AFRV8\\app\\Http\\Middleware\\InstalledCheck.php(28): Illuminate\\Routing\\Pipeline->Illuminate\\Pipeline\\{closure:C:\\wamp64\\www\\AFRV8\\vendor\\laravel\\framework\\src\\Illuminate\\Pipeline\\Pipeline.php:147-180}()
#35 C:\\wamp64\\www\\AFRV8\\vendor\\laravel\\framework\\src\\Illuminate\\Pipeline\\Pipeline.php(171): App\\Http\\Middleware\\InstalledCheck->handle()
#36 C:\\wamp64\\www\\AFRV8\\vendor\\laravel\\framework\\src\\Illuminate\\Pipeline\\Pipeline.php(105): Illuminate\\Routing\\Pipeline->Illuminate\\Pipeline\\{closure:C:\\wamp64\\www\\AFRV8\\vendor\\laravel\\framework\\src\\Illuminate\\Pipeline\\Pipeline.php:147-180}()
#37 C:\\wamp64\\www\\AFRV8\\vendor\\laravel\\framework\\src\\Illuminate\\Routing\\Router.php(682): Illuminate\\Routing\\Pipeline->then()
#38 C:\\wamp64\\www\\AFRV8\\vendor\\laravel\\framework\\src\\Illuminate\\Routing\\Router.php(657): Illuminate\\Routing\\Router->runRouteWithinStack()
#39 C:\\wamp64\\www\\AFRV8\\vendor\\laravel\\framework\\src\\Illuminate\\Routing\\Router.php(623): Illuminate\\Routing\\Router->runRoute()
#40 C:\\wamp64\\www\\AFRV8\\vendor\\laravel\\framework\\src\\Illuminate\\Routing\\Router.php(612): Illuminate\\Routing\\Router->dispatchToRoute()
#41 C:\\wamp64\\www\\AFRV8\\vendor\\laravel\\framework\\src\\Illuminate\\Foundation\\Http\\Kernel.php(176): Illuminate\\Routing\\Router->dispatch()
#42 C:\\wamp64\\www\\AFRV8\\vendor\\laravel\\framework\\src\\Illuminate\\Pipeline\\Pipeline.php(130): App\\Http\\Kernel->Illuminate\\Foundation\\Http\\{closure:C:\\wamp64\\www\\AFRV8\\vendor\\laravel\\framework\\src\\Illuminate\\Foundation\\Http\\Kernel.php:173-177}()
#43 C:\\wamp64\\www\\AFRV8\\vendor\\laravel\\framework\\src\\Illuminate\\Foundation\\Http\\Middleware\\TransformsRequest.php(21): Illuminate\\Routing\\Pipeline->Illuminate\\Pipeline\\{closure:C:\\wamp64\\www\\AFRV8\\vendor\\laravel\\framework\\src\\Illuminate\\Pipeline\\Pipeline.php:128-136}()
#44 C:\\wamp64\\www\\AFRV8\\vendor\\laravel\\framework\\src\\Illuminate\\Pipeline\\Pipeline.php(171): Illuminate\\Foundation\\Http\\Middleware\\ConvertEmptyStringsToNull->handle()
#45 C:\\wamp64\\www\\AFRV8\\vendor\\laravel\\framework\\src\\Illuminate\\Foundation\\Http\\Middleware\\TransformsRequest.php(21): Illuminate\\Routing\\Pipeline->Illuminate\\Pipeline\\{closure:C:\\wamp64\\www\\AFRV8\\vendor\\laravel\\framework\\src\\Illuminate\\Pipeline\\Pipeline.php:147-180}()
#46 C:\\wamp64\\www\\AFRV8\\vendor\\laravel\\framework\\src\\Illuminate\\Pipeline\\Pipeline.php(171): Illuminate\\Foundation\\Http\\Middleware\\TrimStrings->handle()
#47 C:\\wamp64\\www\\AFRV8\\vendor\\laravel\\framework\\src\\Illuminate\\Foundation\\Http\\Middleware\\CheckForMaintenanceMode.php(62): Illuminate\\Routing\\Pipeline->Illuminate\\Pipeline\\{closure:C:\\wamp64\\www\\AFRV8\\vendor\\laravel\\framework\\src\\Illuminate\\Pipeline\\Pipeline.php:147-180}()
#48 C:\\wamp64\\www\\AFRV8\\vendor\\laravel\\framework\\src\\Illuminate\\Pipeline\\Pipeline.php(171): Illuminate\\Foundation\\Http\\Middleware\\CheckForMaintenanceMode->handle()
#49 C:\\wamp64\\www\\AFRV8\\vendor\\laravel\\framework\\src\\Illuminate\\Pipeline\\Pipeline.php(105): Illuminate\\Routing\\Pipeline->Illuminate\\Pipeline\\{closure:C:\\wamp64\\www\\AFRV8\\vendor\\laravel\\framework\\src\\Illuminate\\Pipeline\\Pipeline.php:147-180}()
#50 C:\\wamp64\\www\\AFRV8\\vendor\\laravel\\framework\\src\\Illuminate\\Foundation\\Http\\Kernel.php(151): Illuminate\\Routing\\Pipeline->then()
#51 C:\\wamp64\\www\\AFRV8\\vendor\\laravel\\framework\\src\\Illuminate\\Foundation\\Http\\Kernel.php(116): App\\Http\\Kernel->sendRequestThroughRouter()
#52 C:\\wamp64\\www\\AFRV8\\public\\index.php(22): App\\Http\\Kernel->handle()
#53 C:\\wamp64\\www\\AFRV8\\public\\index.php(0): {main}()
#54 {main}
"} 
